NCCL debug information disabled.
torchrun --nproc_per_node 8 --nnodes=1 --node_rank=0 --master_addr="localhost" --master_port=8281 example.py
ddp backend config is cpu:gloo,npu:flagcxddp backend config is cpu:gloo,npu:flagcxddp backend config is cpu:gloo,npu:flagcxddp backend config is cpu:gloo,npu:flagcxddp backend config is cpu:gloo,npu:flagcx




ddp backend config is cpu:gloo,npu:flagcx
ddp backend config is cpu:gloo,npu:flagcx
ddp backend config is cpu:gloo,npu:flagcx
ranks_flagcx: [0, 1, 2, 3, 4, 5, 6, 7]
rank: 0, world_size = 8, prev_rank: 7, next_rank: 1
ranks_flagcx: [0, 1, 2, 3, 4, 5, 6, 7]
rank: 6, world_size = 8, prev_rank: 5, next_rank: 7
ranks_flagcx: [0, 1, 2, 3, 4, 5, 6, 7]
rank: 1, world_size = 8, prev_rank: 0, next_rank: 2
ranks_flagcx: [0, 1, 2, 3, 4, 5, 6, 7]
rank: 5, world_size = 8, prev_rank: 4, next_rank: 6
ranks_flagcx: [0, 1, 2, 3, 4, 5, 6, 7]
rank: 4, world_size = 8, prev_rank: 3, next_rank: 5
ranks_flagcx: [0, 1, 2, 3, 4, 5, 6, 7]
rank: 3, world_size = 8, prev_rank: 2, next_rank: 4
ranks_flagcx: [0, 1, 2, 3, 4, 5, 6, 7]
rank: 2, world_size = 8, prev_rank: 1, next_rank: 3
ranks_flagcx: [0, 1, 2, 3, 4, 5, 6, 7]
rank: 7, world_size = 8, prev_rank: 6, next_rank: 0
rank 2 before allreduce: x = tensor([0.8077, 0.0349, 0.4532, 0.8865, 0.9194, 0.3747, 0.7283, 0.9921],
       device='npu:2'), y = tensor([0.9818, 0.0093, 0.7988, 0.8923, 0.4969, 0.0715, 0.3930, 0.6344],
       device='npu:2')
>>>>>>>>>> cannAdaptorStreamCreate <<<<<<<<<<
p-perf-huawei-06:29476:29476 [0] FLAGCX INFO Bootstrap : Using enp196s0f0:10.1.15.130<0>
rank 3 before allreduce: x = tensor([0.3499, 0.5919, 0.1644, 0.2369, 0.8049, 0.6870, 0.1760, 0.5994],
       device='npu:3'), y = tensor([0.2886, 0.1898, 0.3359, 0.0297, 0.1062, 0.1435, 0.8962, 0.2577],
       device='npu:3')
>>>>>>>>>> cannAdaptorStreamCreate <<<<<<<<<<
p-perf-huawei-06:29477:29477 [0] FLAGCX INFO Bootstrap : Using enp196s0f0:10.1.15.130<0>
rank 5 before allreduce: x = tensor([0.8937, 0.2476, 0.1863, 0.7233, 0.9630, 0.0198, 0.0227, 0.7654],
       device='npu:5'), y = tensor([0.4492, 0.0654, 0.6451, 0.4823, 0.4187, 0.4121, 0.6859, 0.0092],
       device='npu:5')
>>>>>>>>>> cannAdaptorStreamCreate <<<<<<<<<<
p-perf-huawei-06:29479:29479 [0] FLAGCX INFO Bootstrap : Using enp196s0f0:10.1.15.130<0>
rank 1 before allreduce: x = tensor([0.3132, 0.0462, 0.6246, 0.6182, 0.8335, 0.1481, 0.2293, 0.7299],
       device='npu:1'), y = tensor([0.8301, 0.2081, 0.4582, 0.3329, 0.0386, 0.7574, 0.4229, 0.8531],
       device='npu:1')
>>>>>>>>>> cannAdaptorStreamCreate <<<<<<<<<<
p-perf-huawei-06:29475:29475 [0] FLAGCX INFO Bootstrap : Using enp196s0f0:10.1.15.130<0>
rank 7 before allreduce: x = tensor([0.1153, 0.1614, 0.4729, 0.4698, 0.6839, 0.3660, 0.6076, 0.9568],
       device='npu:7'), y = tensor([0.1908, 0.4678, 0.5969, 0.6938, 0.3781, 0.5826, 0.8697, 0.8197],
       device='npu:7')rank 0 before allreduce: x = tensor([0.0148, 0.8467, 0.6505, 0.4875, 0.2008, 0.3443, 0.6680, 0.2269],
       device='npu:0'), y = tensor([0.1133, 0.4806, 0.7361, 0.2323, 0.7548, 0.4362, 0.3067, 0.1312],
       device='npu:0')

>>>>>>>>>> cannAdaptorStreamCreate <<<<<<<<<<
>>>>>>>>>> cannAdaptorStreamCreate <<<<<<<<<<
rank 6 before allreduce: x = tensor([0.2178, 0.5932, 0.9648, 0.2631, 0.3440, 0.4415, 0.9607, 0.9194],
       device='npu:6'), y = tensor([0.3492, 0.5102, 0.5452, 0.5636, 0.2180, 0.6095, 0.8641, 0.7235],
       device='npu:6')
>>>>>>>>>> cannAdaptorStreamCreate <<<<<<<<<<
p-perf-huawei-06:29474:29474 [0] FLAGCX INFO Bootstrap : Using enp196s0f0:10.1.15.130<0>
p-perf-huawei-06:29481:29481 [0] FLAGCX INFO Bootstrap : Using enp196s0f0:10.1.15.130<0>
p-perf-huawei-06:29474:29654 [0] FLAGCX INFO Bootstrap Root : rank 0 of 8 ranks checked in
p-perf-huawei-06:29474:29654 [0] FLAGCX INFO Bootstrap Root : rank 5 of 8 ranks checked in
p-perf-huawei-06:29474:29654 [0] FLAGCX INFO Bootstrap Root : rank 2 of 8 ranks checked in
p-perf-huawei-06:29474:29654 [0] FLAGCX INFO Bootstrap Root : rank 1 of 8 ranks checked in
p-perf-huawei-06:29474:29654 [0] FLAGCX INFO Bootstrap Root : rank 7 of 8 ranks checked in
p-perf-huawei-06:29474:29654 [0] FLAGCX INFO Bootstrap Root : rank 3 of 8 ranks checked in
rank 4 before allreduce: x = tensor([0.5399, 0.0529, 0.1310, 0.3847, 0.0431, 0.5731, 0.0684, 0.1987],
       device='npu:4'), y = tensor([0.2252, 0.4378, 0.4522, 0.5209, 0.0239, 0.5696, 0.8704, 0.3803],
       device='npu:4')
>>>>>>>>>> cannAdaptorStreamCreate <<<<<<<<<<
p-perf-huawei-06:29480:29480 [0] FLAGCX INFO Bootstrap : Using enp196s0f0:10.1.15.130<0>
p-perf-huawei-06:29474:29654 [0] FLAGCX INFO Bootstrap Root : rank 6 of 8 ranks checked in
p-perf-huawei-06:29478:29478 [0] FLAGCX INFO Bootstrap : Using enp196s0f0:10.1.15.130<0>
p-perf-huawei-06:29474:29654 [0] FLAGCX INFO Bootstrap Root : rank 4 of 8 ranks checked in
p-perf-huawei-06:29474:29654 [0] FLAGCX INFO SENT OUT ALL 8 HANDLES
p-perf-huawei-06:29474:29474 [0] FLAGCX INFO rank 0 nranks 8 - DONE
p-perf-huawei-06:29478:29478 [0] FLAGCX INFO rank 4 nranks 8 - DONE
p-perf-huawei-06:29481:29481 [0] FLAGCX INFO rank 7 nranks 8 - DONE
p-perf-huawei-06:29476:29476 [0] FLAGCX INFO rank 2 nranks 8 - DONE
p-perf-huawei-06:29480:29480 [0] FLAGCX INFO rank 6 nranks 8 - DONE
p-perf-huawei-06:29477:29477 [0] FLAGCX INFO rank 3 nranks 8 - DONE
p-perf-huawei-06:29479:29479 [0] FLAGCX INFO rank 5 nranks 8 - DONE
p-perf-huawei-06:29475:29475 [0] FLAGCX INFO rank 1 nranks 8 - DONE
p-perf-huawei-06:29474:29474 [0] FLAGCX INFO rank = 0, nranks = 8, nclusters = 1, cluster_id = 0, cluster_size = 8, cluster_inter_rank = -1, homo_rank = 0, homo_root_rank = 0, homo_inter_rank = -1, homo_ranks = 8, has_single_rank_homo_comm = 0, 
p-perf-huawei-06:29476:29476 [0] FLAGCX INFO rank = 2, nranks = 8, nclusters = 1, cluster_id = 0, cluster_size = 8, cluster_inter_rank = -1, homo_rank = 2, homo_root_rank = 0, homo_inter_rank = -1, homo_ranks = 8, has_single_rank_homo_comm = 0, 
p-perf-huawei-06:29481:29481 [0] FLAGCX INFO rank = 7, nranks = 8, nclusters = 1, cluster_id = 0, cluster_size = 8, cluster_inter_rank = -1, homo_rank = 7, homo_root_rank = 0, homo_inter_rank = -1, homo_ranks = 8, has_single_rank_homo_comm = 0, 
p-perf-huawei-06:29479:29479 [0] FLAGCX INFO rank = 5, nranks = 8, nclusters = 1, cluster_id = 0, cluster_size = 8, cluster_inter_rank = -1, homo_rank = 5, homo_root_rank = 0, homo_inter_rank = -1, homo_ranks = 8, has_single_rank_homo_comm = 0, 
p-perf-huawei-06:29480:29480 [0] FLAGCX INFO rank = 6, nranks = 8, nclusters = 1, cluster_id = 0, cluster_size = 8, cluster_inter_rank = -1, homo_rank = 6, homo_root_rank = 0, homo_inter_rank = -1, homo_ranks = 8, has_single_rank_homo_comm = 0, 
p-perf-huawei-06:29475:29475 [0] FLAGCX INFO rank = 1, nranks = 8, nclusters = 1, cluster_id = 0, cluster_size = 8, cluster_inter_rank = -1, homo_rank = 1, homo_root_rank = 0, homo_inter_rank = -1, homo_ranks = 8, has_single_rank_homo_comm = 0, 
p-perf-huawei-06:29478:29478 [0] FLAGCX INFO rank = 4, nranks = 8, nclusters = 1, cluster_id = 0, cluster_size = 8, cluster_inter_rank = -1, homo_rank = 4, homo_root_rank = 0, homo_inter_rank = -1, homo_ranks = 8, has_single_rank_homo_comm = 0, 
p-perf-huawei-06:29477:29477 [0] FLAGCX INFO rank = 3, nranks = 8, nclusters = 1, cluster_id = 0, cluster_size = 8, cluster_inter_rank = -1, homo_rank = 3, homo_root_rank = 0, homo_inter_rank = -1, homo_ranks = 8, has_single_rank_homo_comm = 0, 
rank 6 after allreduce min with FLAGCX_GROUP1: x = tensor([0.0148, 0.0349, 0.1310, 0.2369, 0.0431, 0.0198, 0.0227, 0.1987],
       device='npu:6')
rank 0 after allreduce min with FLAGCX_GROUP1: x = tensor([0.0148, 0.0349, 0.1310, 0.2369, 0.0431, 0.0198, 0.0227, 0.1987],
       device='npu:0')
rank 4 after allreduce min with FLAGCX_GROUP1: x = tensor([0.0148, 0.0349, 0.1310, 0.2369, 0.0431, 0.0198, 0.0227, 0.1987],
       device='npu:4')
rank 1 after allreduce min with FLAGCX_GROUP1: x = tensor([0.0148, 0.0349, 0.1310, 0.2369, 0.0431, 0.0198, 0.0227, 0.1987],
       device='npu:1')
rank 3 after allreduce min with FLAGCX_GROUP1: x = tensor([0.0148, 0.0349, 0.1310, 0.2369, 0.0431, 0.0198, 0.0227, 0.1987],
       device='npu:3')
rank 5 after allreduce min with FLAGCX_GROUP1: x = tensor([0.0148, 0.0349, 0.1310, 0.2369, 0.0431, 0.0198, 0.0227, 0.1987],
       device='npu:5')
rank 2 after allreduce min with FLAGCX_GROUP1: x = tensor([0.0148, 0.0349, 0.1310, 0.2369, 0.0431, 0.0198, 0.0227, 0.1987],
       device='npu:2')
rank 7 after allreduce min with FLAGCX_GROUP1: x = tensor([0.0148, 0.0349, 0.1310, 0.2369, 0.0431, 0.0198, 0.0227, 0.1987],
       device='npu:7')
rank 4 after allreduce max with FLAGCX_GROUP1: y = tensor([0.9818, 0.5102, 0.7988, 0.8923, 0.7548, 0.7574, 0.8962, 0.8531],
       device='npu:4')
rank 0 after allreduce max with FLAGCX_GROUP1: y = tensor([0.9818, 0.5102, 0.7988, 0.8923, 0.7548, 0.7574, 0.8962, 0.8531],
       device='npu:0')
rank 5 after allreduce max with FLAGCX_GROUP1: y = tensor([0.9818, 0.5102, 0.7988, 0.8923, 0.7548, 0.7574, 0.8962, 0.8531],
       device='npu:5')
rank 1 after allreduce max with FLAGCX_GROUP1: y = tensor([0.9818, 0.5102, 0.7988, 0.8923, 0.7548, 0.7574, 0.8962, 0.8531],
       device='npu:1')
rank 6 after allreduce max with FLAGCX_GROUP1: y = tensor([0.9818, 0.5102, 0.7988, 0.8923, 0.7548, 0.7574, 0.8962, 0.8531],
       device='npu:6')
rank 7 after allreduce max with FLAGCX_GROUP1: y = tensor([0.9818, 0.5102, 0.7988, 0.8923, 0.7548, 0.7574, 0.8962, 0.8531],
       device='npu:7')
rank 3 after allreduce max with FLAGCX_GROUP1: y = tensor([0.9818, 0.5102, 0.7988, 0.8923, 0.7548, 0.7574, 0.8962, 0.8531],
       device='npu:3')
rank 2 after allreduce max with FLAGCX_GROUP1: y = tensor([0.9818, 0.5102, 0.7988, 0.8923, 0.7548, 0.7574, 0.8962, 0.8531],
       device='npu:2')
rank 6 after allreduce sum with FLAGCX_GROUP1: x = tensor([0.1187, 0.2792, 1.0481, 1.8949, 0.3444, 0.1586, 0.1812, 1.5897],
       device='npu:6')
rank 5 after allreduce sum with FLAGCX_GROUP1: x = tensor([0.1187, 0.2792, 1.0481, 1.8949, 0.3444, 0.1586, 0.1812, 1.5897],
       device='npu:5')
rank 0 after allreduce sum with FLAGCX_GROUP1: x = tensor([0.1187, 0.2792, 1.0481, 1.8949, 0.3444, 0.1586, 0.1812, 1.5897],
       device='npu:0')
rank 4 after allreduce sum with FLAGCX_GROUP1: x = tensor([0.1187, 0.2792, 1.0481, 1.8949, 0.3444, 0.1586, 0.1812, 1.5897],
       device='npu:4')
rank 3 after allreduce sum with FLAGCX_GROUP1: x = tensor([0.1187, 0.2792, 1.0481, 1.8949, 0.3444, 0.1586, 0.1812, 1.5897],
       device='npu:3')
rank 1 after allreduce sum with FLAGCX_GROUP1: x = tensor([0.1187, 0.2792, 1.0481, 1.8949, 0.3444, 0.1586, 0.1812, 1.5897],
       device='npu:1')
rank 2 after allreduce sum with FLAGCX_GROUP1: x = tensor([0.1187, 0.2792, 1.0481, 1.8949, 0.3444, 0.1586, 0.1812, 1.5897],
       device='npu:2')
rank 7 after allreduce sum with FLAGCX_GROUP1: x = tensor([0.1187, 0.2792, 1.0481, 1.8949, 0.3444, 0.1586, 0.1812, 1.5897],
       device='npu:7')
rank 6 before all_reduce_coalesced sync sum with FLAGCX_GROUP1: x = tensor([0.1187, 0.2792, 1.0481, 1.8949, 0.3444, 0.1586, 0.1812, 1.5897],
       device='npu:6'), y = tensor([0.9818, 0.5102, 0.7988, 0.8923, 0.7548, 0.7574, 0.8962, 0.8531],
       device='npu:6')
all reduce is exe 1
rank 4 before all_reduce_coalesced sync sum with FLAGCX_GROUP1: x = tensor([0.1187, 0.2792, 1.0481, 1.8949, 0.3444, 0.1586, 0.1812, 1.5897],
       device='npu:4'), y = tensor([0.9818, 0.5102, 0.7988, 0.8923, 0.7548, 0.7574, 0.8962, 0.8531],
       device='npu:4')
rank 5 before all_reduce_coalesced sync sum with FLAGCX_GROUP1: x = tensor([0.1187, 0.2792, 1.0481, 1.8949, 0.3444, 0.1586, 0.1812, 1.5897],
       device='npu:5'), y = tensor([0.9818, 0.5102, 0.7988, 0.8923, 0.7548, 0.7574, 0.8962, 0.8531],
       device='npu:5')
all reduce is exe 1
rank 0 before all_reduce_coalesced sync sum with FLAGCX_GROUP1: x = tensor([0.1187, 0.2792, 1.0481, 1.8949, 0.3444, 0.1586, 0.1812, 1.5897],
       device='npu:0'), y = tensor([0.9818, 0.5102, 0.7988, 0.8923, 0.7548, 0.7574, 0.8962, 0.8531],
       device='npu:0')
all reduce is exe 1
all reduce is exe 1
rank 1 before all_reduce_coalesced sync sum with FLAGCX_GROUP1: x = tensor([0.1187, 0.2792, 1.0481, 1.8949, 0.3444, 0.1586, 0.1812, 1.5897],
       device='npu:1'), y = tensor([0.9818, 0.5102, 0.7988, 0.8923, 0.7548, 0.7574, 0.8962, 0.8531],
       device='npu:1')
rank 3 before all_reduce_coalesced sync sum with FLAGCX_GROUP1: x = tensor([0.1187, 0.2792, 1.0481, 1.8949, 0.3444, 0.1586, 0.1812, 1.5897],
       device='npu:3'), y = tensor([0.9818, 0.5102, 0.7988, 0.8923, 0.7548, 0.7574, 0.8962, 0.8531],
       device='npu:3')
rank 2 before all_reduce_coalesced sync sum with FLAGCX_GROUP1: x = tensor([0.1187, 0.2792, 1.0481, 1.8949, 0.3444, 0.1586, 0.1812, 1.5897],
       device='npu:2'), y = tensor([0.9818, 0.5102, 0.7988, 0.8923, 0.7548, 0.7574, 0.8962, 0.8531],
       device='npu:2')
all reduce is exe 1
all reduce is exe 1
rank 7 before all_reduce_coalesced sync sum with FLAGCX_GROUP1: x = tensor([0.1187, 0.2792, 1.0481, 1.8949, 0.3444, 0.1586, 0.1812, 1.5897],
       device='npu:7'), y = tensor([0.9818, 0.5102, 0.7988, 0.8923, 0.7548, 0.7574, 0.8962, 0.8531],
       device='npu:7')
all reduce is exe 1
all reduce is exe 1
rank 6 after all_reduce_coalesced sync sum with FLAGCX_GROUP1: x = tensor([ 0.9499,  2.2334,  8.3846, 15.1588,  2.7553,  1.2688,  1.4497, 12.7178],
       device='npu:6'), y = tensor([7.8541, 4.0813, 6.3903, 7.1381, 6.0384, 6.0596, 7.1692, 6.8246],
       device='npu:6')
rank 4 after all_reduce_coalesced sync sum with FLAGCX_GROUP1: x = tensor([ 0.9499,  2.2334,  8.3846, 15.1588,  2.7553,  1.2688,  1.4497, 12.7178],
       device='npu:4'), y = tensor([7.8541, 4.0813, 6.3903, 7.1381, 6.0384, 6.0596, 7.1692, 6.8246],
       device='npu:4')
rank 5 after all_reduce_coalesced sync sum with FLAGCX_GROUP1: x = tensor([ 0.9499,  2.2334,  8.3846, 15.1588,  2.7553,  1.2688,  1.4497, 12.7178],
       device='npu:5'), y = tensor([7.8541, 4.0813, 6.3903, 7.1381, 6.0384, 6.0596, 7.1692, 6.8246],
       device='npu:5')
rank 0 after all_reduce_coalesced sync sum with FLAGCX_GROUP1: x = tensor([ 0.9499,  2.2334,  8.3846, 15.1588,  2.7553,  1.2688,  1.4497, 12.7178],
       device='npu:0'), y = tensor([7.8541, 4.0813, 6.3903, 7.1381, 6.0384, 6.0596, 7.1692, 6.8246],
       device='npu:0')
rank 3 after all_reduce_coalesced sync sum with FLAGCX_GROUP1: x = tensor([ 0.9499,  2.2334,  8.3846, 15.1588,  2.7553,  1.2688,  1.4497, 12.7178],
       device='npu:3'), y = tensor([7.8541, 4.0813, 6.3903, 7.1381, 6.0384, 6.0596, 7.1692, 6.8246],
       device='npu:3')rank 1 after all_reduce_coalesced sync sum with FLAGCX_GROUP1: x = tensor([ 0.9499,  2.2334,  8.3846, 15.1588,  2.7553,  1.2688,  1.4497, 12.7178],
       device='npu:1'), y = tensor([7.8541, 4.0813, 6.3903, 7.1381, 6.0384, 6.0596, 7.1692, 6.8246],
       device='npu:1')

rank 2 after all_reduce_coalesced sync sum with FLAGCX_GROUP1: x = tensor([ 0.9499,  2.2334,  8.3846, 15.1588,  2.7553,  1.2688,  1.4497, 12.7178],
       device='npu:2'), y = tensor([7.8541, 4.0813, 6.3903, 7.1381, 6.0384, 6.0596, 7.1692, 6.8246],
       device='npu:2')
rank 7 after all_reduce_coalesced sync sum with FLAGCX_GROUP1: x = tensor([ 0.9499,  2.2334,  8.3846, 15.1588,  2.7553,  1.2688,  1.4497, 12.7178],
       device='npu:7'), y = tensor([7.8541, 4.0813, 6.3903, 7.1381, 6.0384, 6.0596, 7.1692, 6.8246],
       device='npu:7')
rank 4 before all_reduce_coalesced async sum with FLAGCX_GROUP1: x = tensor([ 0.9499,  2.2334,  8.3846, 15.1588,  2.7553,  1.2688,  1.4497, 12.7178],
       device='npu:4'), y = tensor([7.8541, 4.0813, 6.3903, 7.1381, 6.0384, 6.0596, 7.1692, 6.8246],
       device='npu:4')
all reduce is exe 1
rank 5 before all_reduce_coalesced async sum with FLAGCX_GROUP1: x = tensor([ 0.9499,  2.2334,  8.3846, 15.1588,  2.7553,  1.2688,  1.4497, 12.7178],
       device='npu:5'), y = tensor([7.8541, 4.0813, 6.3903, 7.1381, 6.0384, 6.0596, 7.1692, 6.8246],
       device='npu:5')
rank 0 before all_reduce_coalesced async sum with FLAGCX_GROUP1: x = tensor([ 0.9499,  2.2334,  8.3846, 15.1588,  2.7553,  1.2688,  1.4497, 12.7178],
       device='npu:0'), y = tensor([7.8541, 4.0813, 6.3903, 7.1381, 6.0384, 6.0596, 7.1692, 6.8246],
       device='npu:0')
rank 6 before all_reduce_coalesced async sum with FLAGCX_GROUP1: x = tensor([ 0.9499,  2.2334,  8.3846, 15.1588,  2.7553,  1.2688,  1.4497, 12.7178],
       device='npu:6'), y = tensor([7.8541, 4.0813, 6.3903, 7.1381, 6.0384, 6.0596, 7.1692, 6.8246],
       device='npu:6')
all reduce is exe 1
all reduce is exe 1
all reduce is exe 1
rank 1 before all_reduce_coalesced async sum with FLAGCX_GROUP1: x = tensor([ 0.9499,  2.2334,  8.3846, 15.1588,  2.7553,  1.2688,  1.4497, 12.7178],
       device='npu:1'), y = tensor([7.8541, 4.0813, 6.3903, 7.1381, 6.0384, 6.0596, 7.1692, 6.8246],
       device='npu:1')
rank 3 before all_reduce_coalesced async sum with FLAGCX_GROUP1: x = tensor([ 0.9499,  2.2334,  8.3846, 15.1588,  2.7553,  1.2688,  1.4497, 12.7178],
       device='npu:3'), y = tensor([7.8541, 4.0813, 6.3903, 7.1381, 6.0384, 6.0596, 7.1692, 6.8246],
       device='npu:3')
rank 2 before all_reduce_coalesced async sum with FLAGCX_GROUP1: x = tensor([ 0.9499,  2.2334,  8.3846, 15.1588,  2.7553,  1.2688,  1.4497, 12.7178],
       device='npu:2'), y = tensor([7.8541, 4.0813, 6.3903, 7.1381, 6.0384, 6.0596, 7.1692, 6.8246],
       device='npu:2')
all reduce is exe 1
all reduce is exe 1
rank 7 before all_reduce_coalesced async sum with FLAGCX_GROUP1: x = tensor([ 0.9499,  2.2334,  8.3846, 15.1588,  2.7553,  1.2688,  1.4497, 12.7178],
       device='npu:7'), y = tensor([7.8541, 4.0813, 6.3903, 7.1381, 6.0384, 6.0596, 7.1692, 6.8246],
       device='npu:7')
all reduce is exe 1
all reduce is exe 1
rank 4 after all_reduce_coalesced async sum with FLAGCX_GROUP1: x = tensor([  7.5988,  17.8671,  67.0765, 121.2704,  22.0424,  10.1506,  11.5974,
        101.7421], device='npu:4'), y = tensor([62.8331, 32.6500, 51.1227, 57.1047, 48.3071, 48.4767, 57.3539, 54.5970],
       device='npu:4')
test end
rank 5 after all_reduce_coalesced async sum with FLAGCX_GROUP1: x = tensor([  7.5988,  17.8671,  67.0765, 121.2704,  22.0424,  10.1506,  11.5974,
        101.7421], device='npu:5'), y = tensor([62.8331, 32.6500, 51.1227, 57.1047, 48.3071, 48.4767, 57.3539, 54.5970],
       device='npu:5')
test end
rank 0 after all_reduce_coalesced async sum with FLAGCX_GROUP1: x = tensor([  7.5988,  17.8671,  67.0765, 121.2704,  22.0424,  10.1506,  11.5974,
        101.7421], device='npu:0'), y = tensor([62.8331, 32.6500, 51.1227, 57.1047, 48.3071, 48.4767, 57.3539, 54.5970],
       device='npu:0')
test end
rank 6 after all_reduce_coalesced async sum with FLAGCX_GROUP1: x = tensor([  7.5988,  17.8671,  67.0765, 121.2704,  22.0424,  10.1506,  11.5974,
        101.7421], device='npu:6'), y = tensor([62.8331, 32.6500, 51.1227, 57.1047, 48.3071, 48.4767, 57.3539, 54.5970],
       device='npu:6')
test end
rank 3 after all_reduce_coalesced async sum with FLAGCX_GROUP1: x = tensor([  7.5988,  17.8671,  67.0765, 121.2704,  22.0424,  10.1506,  11.5974,
        101.7421], device='npu:3'), y = tensor([62.8331, 32.6500, 51.1227, 57.1047, 48.3071, 48.4767, 57.3539, 54.5970],
       device='npu:3')
test end
rank 2 after all_reduce_coalesced async sum with FLAGCX_GROUP1: x = tensor([  7.5988,  17.8671,  67.0765, 121.2704,  22.0424,  10.1506,  11.5974,
        101.7421], device='npu:2'), y = tensor([62.8331, 32.6500, 51.1227, 57.1047, 48.3071, 48.4767, 57.3539, 54.5970],
       device='npu:2')
test end
rank 7 after all_reduce_coalesced async sum with FLAGCX_GROUP1: x = tensor([  7.5988,  17.8671,  67.0765, 121.2704,  22.0424,  10.1506,  11.5974,
        101.7421], device='npu:7'), y = tensor([62.8331, 32.6500, 51.1227, 57.1047, 48.3071, 48.4767, 57.3539, 54.5970],
       device='npu:7')
test end
rank 1 after all_reduce_coalesced async sum with FLAGCX_GROUP1: x = tensor([  7.5988,  17.8671,  67.0765, 121.2704,  22.0424,  10.1506,  11.5974,
        101.7421], device='npu:1'), y = tensor([62.8331, 32.6500, 51.1227, 57.1047, 48.3071, 48.4767, 57.3539, 54.5970],
       device='npu:1')
test end
>>>>>>>>>> cannAdaptorStreamDestroy <<<<<<<<<<
>>>>>>>>>> cannAdaptorStreamDestroy <<<<<<<<<<
>>>>>>>>>> cannAdaptorStreamDestroy <<<<<<<<<<
>>>>>>>>>> cannAdaptorStreamDestroy <<<<<<<<<<
>>>>>>>>>> cannAdaptorStreamDestroy <<<<<<<<<<
>>>>>>>>>> cannAdaptorStreamDestroy <<<<<<<<<<
>>>>>>>>>> cannAdaptorStreamDestroy <<<<<<<<<<
>>>>>>>>>> cannAdaptorStreamDestroy <<<<<<<<<<
