ddp backend config is cpu:gloo,npu:flagcx
ddp backend config is cpu:gloo,npu:flagcxddp backend config is cpu:gloo,npu:flagcx

ddp backend config is cpu:gloo,npu:flagcx
ddp backend config is cpu:gloo,npu:flagcx
ddp backend config is cpu:gloo,npu:flagcx
ddp backend config is cpu:gloo,npu:flagcxddp backend config is cpu:gloo,npu:flagcx

ranks_flagcx: [0, 1, 2, 3, 4, 5, 6, 7]
rank: 3, world_size = 8, prev_rank: 2, next_rank: 4
ranks_flagcx: [0, 1, 2, 3, 4, 5, 6, 7]ranks_flagcx: [0, 1, 2, 3, 4, 5, 6, 7]

rank: 2, world_size = 8, prev_rank: 1, next_rank: 3
rank: 1, world_size = 8, prev_rank: 0, next_rank: 2
ranks_flagcx: [0, 1, 2, 3, 4, 5, 6, 7]
rank: 0, world_size = 8, prev_rank: 7, next_rank: 1
ranks_flagcx: [0, 1, 2, 3, 4, 5, 6, 7]
rank: 4, world_size = 8, prev_rank: 3, next_rank: 5
ranks_flagcx: [0, 1, 2, 3, 4, 5, 6, 7]
rank: 5, world_size = 8, prev_rank: 4, next_rank: 6
ranks_flagcx: [0, 1, 2, 3, 4, 5, 6, 7]
rank: 6, world_size = 8, prev_rank: 5, next_rank: 7
ranks_flagcx: [0, 1, 2, 3, 4, 5, 6, 7]
rank: 7, world_size = 8, prev_rank: 6, next_rank: 0
rank 0 before reduce_scatter with FLAGCX_GROUP1: x_list = [tensor([0.], device='npu:0'), tensor([1.], device='npu:0'), tensor([2.], device='npu:0'), tensor([3.], device='npu:0'), tensor([4.], device='npu:0'), tensor([5.], device='npu:0'), tensor([6.], device='npu:0'), tensor([7.], device='npu:0')], z = tensor([0.], device='npu:0')
p-perf-huawei-06:4149804:4149804 [0] FLAGCX INFO Bootstrap : Using enp196s0f0:10.1.15.130<0>
p-perf-huawei-06:4149804:4150679 [0] FLAGCX INFO Bootstrap Root : rank 0 of 8 ranks checked in
rank 7 before reduce_scatter with FLAGCX_GROUP1: x_list = [tensor([0.], device='npu:7'), tensor([1.], device='npu:7'), tensor([2.], device='npu:7'), tensor([3.], device='npu:7'), tensor([4.], device='npu:7'), tensor([5.], device='npu:7'), tensor([6.], device='npu:7'), tensor([7.], device='npu:7')], z = tensor([0.], device='npu:7')
p-perf-huawei-06:4149811:4149811 [0] FLAGCX INFO Bootstrap : Using enp196s0f0:10.1.15.130<0>
p-perf-huawei-06:4149804:4150679 [0] FLAGCX INFO Bootstrap Root : rank 7 of 8 ranks checked in
rank 5 before reduce_scatter with FLAGCX_GROUP1: x_list = [tensor([0.], device='npu:5'), tensor([1.], device='npu:5'), tensor([2.], device='npu:5'), tensor([3.], device='npu:5'), tensor([4.], device='npu:5'), tensor([5.], device='npu:5'), tensor([6.], device='npu:5'), tensor([7.], device='npu:5')], z = tensor([0.], device='npu:5')
p-perf-huawei-06:4149809:4149809 [0] FLAGCX INFO Bootstrap : Using enp196s0f0:10.1.15.130<0>
p-perf-huawei-06:4149804:4150679 [0] FLAGCX INFO Bootstrap Root : rank 5 of 8 ranks checked in
rank 1 before reduce_scatter with FLAGCX_GROUP1: x_list = [tensor([0.], device='npu:1'), tensor([1.], device='npu:1'), tensor([2.], device='npu:1'), tensor([3.], device='npu:1'), tensor([4.], device='npu:1'), tensor([5.], device='npu:1'), tensor([6.], device='npu:1'), tensor([7.], device='npu:1')], z = tensor([0.], device='npu:1')
p-perf-huawei-06:4149805:4149805 [0] FLAGCX INFO Bootstrap : Using enp196s0f0:10.1.15.130<0>
p-perf-huawei-06:4149804:4150679 [0] FLAGCX INFO Bootstrap Root : rank 1 of 8 ranks checked in
rank 4 before reduce_scatter with FLAGCX_GROUP1: x_list = [tensor([0.], device='npu:4'), tensor([1.], device='npu:4'), tensor([2.], device='npu:4'), tensor([3.], device='npu:4'), tensor([4.], device='npu:4'), tensor([5.], device='npu:4'), tensor([6.], device='npu:4'), tensor([7.], device='npu:4')], z = tensor([0.], device='npu:4')
p-perf-huawei-06:4149808:4149808 [0] FLAGCX INFO Bootstrap : Using enp196s0f0:10.1.15.130<0>
p-perf-huawei-06:4149804:4150679 [0] FLAGCX INFO Bootstrap Root : rank 4 of 8 ranks checked in
rank 3 before reduce_scatter with FLAGCX_GROUP1: x_list = [tensor([0.], device='npu:3'), tensor([1.], device='npu:3'), tensor([2.], device='npu:3'), tensor([3.], device='npu:3'), tensor([4.], device='npu:3'), tensor([5.], device='npu:3'), tensor([6.], device='npu:3'), tensor([7.], device='npu:3')], z = tensor([0.], device='npu:3')
p-perf-huawei-06:4149807:4149807 [0] FLAGCX INFO Bootstrap : Using enp196s0f0:10.1.15.130<0>
p-perf-huawei-06:4149804:4150679 [0] FLAGCX INFO Bootstrap Root : rank 3 of 8 ranks checked in
rank 6 before reduce_scatter with FLAGCX_GROUP1: x_list = [tensor([0.], device='npu:6'), tensor([1.], device='npu:6'), tensor([2.], device='npu:6'), tensor([3.], device='npu:6'), tensor([4.], device='npu:6'), tensor([5.], device='npu:6'), tensor([6.], device='npu:6'), tensor([7.], device='npu:6')], z = tensor([0.], device='npu:6')
p-perf-huawei-06:4149810:4149810 [0] FLAGCX INFO Bootstrap : Using enp196s0f0:10.1.15.130<0>
p-perf-huawei-06:4149804:4150679 [0] FLAGCX INFO Bootstrap Root : rank 6 of 8 ranks checked in
rank 2 before reduce_scatter with FLAGCX_GROUP1: x_list = [tensor([0.], device='npu:2'), tensor([1.], device='npu:2'), tensor([2.], device='npu:2'), tensor([3.], device='npu:2'), tensor([4.], device='npu:2'), tensor([5.], device='npu:2'), tensor([6.], device='npu:2'), tensor([7.], device='npu:2')], z = tensor([0.], device='npu:2')
p-perf-huawei-06:4149806:4149806 [0] FLAGCX INFO Bootstrap : Using enp196s0f0:10.1.15.130<0>
p-perf-huawei-06:4149804:4150679 [0] FLAGCX INFO Bootstrap Root : rank 2 of 8 ranks checked in
p-perf-huawei-06:4149804:4150679 [0] FLAGCX INFO SENT OUT ALL 8 HANDLES
p-perf-huawei-06:4149806:4149806 [0] FLAGCX INFO rank 2 nranks 8 - DONE
p-perf-huawei-06:4149808:4149808 [0] FLAGCX INFO rank 4 nranks 8 - DONE
p-perf-huawei-06:4149807:4149807 [0] FLAGCX INFO rank 3 nranks 8 - DONE
p-perf-huawei-06:4149805:4149805 [0] FLAGCX INFO rank 1 nranks 8 - DONE
p-perf-huawei-06:4149804:4149804 [0] FLAGCX INFO rank 0 nranks 8 - DONE
p-perf-huawei-06:4149809:4149809 [0] FLAGCX INFO rank 5 nranks 8 - DONE
p-perf-huawei-06:4149811:4149811 [0] FLAGCX INFO rank 7 nranks 8 - DONE
p-perf-huawei-06:4149810:4149810 [0] FLAGCX INFO rank 6 nranks 8 - DONE
p-perf-huawei-06:4149804:4149804 [0] FLAGCX INFO rank = 0, nranks = 8, nclusters = 1, cluster_id = 0, cluster_size = 8, cluster_inter_rank = -1, homo_rank = 0, homo_root_rank = 0, homo_inter_rank = -1, homo_ranks = 8, has_single_rank_homo_comm = 0, 
p-perf-huawei-06:4149805:4149805 [0] FLAGCX INFO rank = 1, nranks = 8, nclusters = 1, cluster_id = 0, cluster_size = 8, cluster_inter_rank = -1, homo_rank = 1, homo_root_rank = 0, homo_inter_rank = -1, homo_ranks = 8, has_single_rank_homo_comm = 0, 
p-perf-huawei-06:4149807:4149807 [0] FLAGCX INFO rank = 3, nranks = 8, nclusters = 1, cluster_id = 0, cluster_size = 8, cluster_inter_rank = -1, homo_rank = 3, homo_root_rank = 0, homo_inter_rank = -1, homo_ranks = 8, has_single_rank_homo_comm = 0, 
p-perf-huawei-06:4149810:4149810 [0] FLAGCX INFO rank = 6, nranks = 8, nclusters = 1, cluster_id = 0, cluster_size = 8, cluster_inter_rank = -1, homo_rank = 6, homo_root_rank = 0, homo_inter_rank = -1, homo_ranks = 8, has_single_rank_homo_comm = 0, 
p-perf-huawei-06:4149806:4149806 [0] FLAGCX INFO rank = 2, nranks = 8, nclusters = 1, cluster_id = 0, cluster_size = 8, cluster_inter_rank = -1, homo_rank = 2, homo_root_rank = 0, homo_inter_rank = -1, homo_ranks = 8, has_single_rank_homo_comm = 0, 
p-perf-huawei-06:4149809:4149809 [0] FLAGCX INFO rank = 5, nranks = 8, nclusters = 1, cluster_id = 0, cluster_size = 8, cluster_inter_rank = -1, homo_rank = 5, homo_root_rank = 0, homo_inter_rank = -1, homo_ranks = 8, has_single_rank_homo_comm = 0, 
p-perf-huawei-06:4149811:4149811 [0] FLAGCX INFO rank = 7, nranks = 8, nclusters = 1, cluster_id = 0, cluster_size = 8, cluster_inter_rank = -1, homo_rank = 7, homo_root_rank = 0, homo_inter_rank = -1, homo_ranks = 8, has_single_rank_homo_comm = 0, 
p-perf-huawei-06:4149808:4149808 [0] FLAGCX INFO rank = 4, nranks = 8, nclusters = 1, cluster_id = 0, cluster_size = 8, cluster_inter_rank = -1, homo_rank = 4, homo_root_rank = 0, homo_inter_rank = -1, homo_ranks = 8, has_single_rank_homo_comm = 0, 
rank 0 after reduce_scatter with FLAGCX_GROUP1: x_list = [tensor([0.], device='npu:0'), tensor([1.], device='npu:0'), tensor([2.], device='npu:0'), tensor([3.], device='npu:0'), tensor([4.], device='npu:0'), tensor([5.], device='npu:0'), tensor([6.], device='npu:0'), tensor([7.], device='npu:0')], z = tensor([0.], device='npu:0')
rank 7 after reduce_scatter with FLAGCX_GROUP1: x_list = [tensor([0.], device='npu:7'), tensor([1.], device='npu:7'), tensor([2.], device='npu:7'), tensor([3.], device='npu:7'), tensor([4.], device='npu:7'), tensor([5.], device='npu:7'), tensor([6.], device='npu:7'), tensor([7.], device='npu:7')], z = tensor([56.], device='npu:7')
rank 3 after reduce_scatter with FLAGCX_GROUP1: x_list = [tensor([0.], device='npu:3'), tensor([1.], device='npu:3'), tensor([2.], device='npu:3'), tensor([3.], device='npu:3'), tensor([4.], device='npu:3'), tensor([5.], device='npu:3'), tensor([6.], device='npu:3'), tensor([7.], device='npu:3')], z = tensor([24.], device='npu:3')
rank 1 after reduce_scatter with FLAGCX_GROUP1: x_list = [tensor([0.], device='npu:1'), tensor([1.], device='npu:1'), tensor([2.], device='npu:1'), tensor([3.], device='npu:1'), tensor([4.], device='npu:1'), tensor([5.], device='npu:1'), tensor([6.], device='npu:1'), tensor([7.], device='npu:1')], z = tensor([8.], device='npu:1')
rank 0 before _reduce_scatter_base with FLAGCX_GROUP1: x = tensor([0., 0., 0., 0., 0., 0., 0., 0.], device='npu:0'), z = tensor([0.], device='npu:0')
rank 2 after reduce_scatter with FLAGCX_GROUP1: x_list = [tensor([0.], device='npu:2'), tensor([1.], device='npu:2'), tensor([2.], device='npu:2'), tensor([3.], device='npu:2'), tensor([4.], device='npu:2'), tensor([5.], device='npu:2'), tensor([6.], device='npu:2'), tensor([7.], device='npu:2')], z = tensor([16.], device='npu:2')
rank 4 after reduce_scatter with FLAGCX_GROUP1: x_list = [tensor([0.], device='npu:4'), tensor([1.], device='npu:4'), tensor([2.], device='npu:4'), tensor([3.], device='npu:4'), tensor([4.], device='npu:4'), tensor([5.], device='npu:4'), tensor([6.], device='npu:4'), tensor([7.], device='npu:4')], z = tensor([32.], device='npu:4')
rank 5 after reduce_scatter with FLAGCX_GROUP1: x_list = [tensor([0.], device='npu:5'), tensor([1.], device='npu:5'), tensor([2.], device='npu:5'), tensor([3.], device='npu:5'), tensor([4.], device='npu:5'), tensor([5.], device='npu:5'), tensor([6.], device='npu:5'), tensor([7.], device='npu:5')], z = tensor([40.], device='npu:5')
rank 6 after reduce_scatter with FLAGCX_GROUP1: x_list = [tensor([0.], device='npu:6'), tensor([1.], device='npu:6'), tensor([2.], device='npu:6'), tensor([3.], device='npu:6'), tensor([4.], device='npu:6'), tensor([5.], device='npu:6'), tensor([6.], device='npu:6'), tensor([7.], device='npu:6')], z = tensor([48.], device='npu:6')
rank 7 before _reduce_scatter_base with FLAGCX_GROUP1: x = tensor([7., 7., 7., 7., 7., 7., 7., 7.], device='npu:7'), z = tensor([56.], device='npu:7')
rank 3 before _reduce_scatter_base with FLAGCX_GROUP1: x = tensor([3., 3., 3., 3., 3., 3., 3., 3.], device='npu:3'), z = tensor([24.], device='npu:3')
rank 1 before _reduce_scatter_base with FLAGCX_GROUP1: x = tensor([1., 1., 1., 1., 1., 1., 1., 1.], device='npu:1'), z = tensor([8.], device='npu:1')
rank 2 before _reduce_scatter_base with FLAGCX_GROUP1: x = tensor([2., 2., 2., 2., 2., 2., 2., 2.], device='npu:2'), z = tensor([16.], device='npu:2')
rank 4 before _reduce_scatter_base with FLAGCX_GROUP1: x = tensor([4., 4., 4., 4., 4., 4., 4., 4.], device='npu:4'), z = tensor([32.], device='npu:4')
rank 5 before _reduce_scatter_base with FLAGCX_GROUP1: x = tensor([5., 5., 5., 5., 5., 5., 5., 5.], device='npu:5'), z = tensor([40.], device='npu:5')
rank 6 before _reduce_scatter_base with FLAGCX_GROUP1: x = tensor([6., 6., 6., 6., 6., 6., 6., 6.], device='npu:6'), z = tensor([48.], device='npu:6')
rank 0 after _reduce_scatter_base with FLAGCX_GROUP1: x = tensor([0., 0., 0., 0., 0., 0., 0., 0.], device='npu:0'), z = tensor([7.], device='npu:0')
rank 7 after _reduce_scatter_base with FLAGCX_GROUP1: x = tensor([7., 7., 7., 7., 7., 7., 7., 7.], device='npu:7'), z = tensor([7.], device='npu:7')
rank 1 after _reduce_scatter_base with FLAGCX_GROUP1: x = tensor([1., 1., 1., 1., 1., 1., 1., 1.], device='npu:1'), z = tensor([7.], device='npu:1')
rank 2 after _reduce_scatter_base with FLAGCX_GROUP1: x = tensor([2., 2., 2., 2., 2., 2., 2., 2.], device='npu:2'), z = tensor([7.], device='npu:2')
rank 6 after _reduce_scatter_base with FLAGCX_GROUP1: x = tensor([6., 6., 6., 6., 6., 6., 6., 6.], device='npu:6'), z = tensor([7.], device='npu:6')
rank 4 after _reduce_scatter_base with FLAGCX_GROUP1: x = tensor([4., 4., 4., 4., 4., 4., 4., 4.], device='npu:4'), z = tensor([7.], device='npu:4')
rank 5 after _reduce_scatter_base with FLAGCX_GROUP1: x = tensor([5., 5., 5., 5., 5., 5., 5., 5.], device='npu:5'), z = tensor([7.], device='npu:5')
rank 3 after _reduce_scatter_base with FLAGCX_GROUP1: x = tensor([3., 3., 3., 3., 3., 3., 3., 3.], device='npu:3'), z = tensor([7.], device='npu:3')
rank 0 before reduce_scatter_coalesced sync with FLAGCX_GROUP1: x = tensor([0.2672, 0.5955, 0.5197, 0.8709, 0.3179, 0.0068, 0.4289, 0.2712],
       device='npu:0'), y = tensor([0.1779, 0.5536, 0.7643, 0.9502, 0.7742, 0.4419, 0.1915, 0.9608],
       device='npu:0'), z=tensor([0.], device='npu:0'), z1=tensor([0.], device='npu:0')
rank 7 before reduce_scatter_coalesced sync with FLAGCX_GROUP1: x = tensor([0.8254, 0.3147, 0.8798, 0.0503, 0.9417, 0.5195, 0.4492, 0.8902],
       device='npu:7'), y = tensor([0.5948, 0.9364, 0.5127, 0.2504, 0.9484, 0.2414, 0.5021, 0.8789],
       device='npu:7'), z=tensor([0.], device='npu:7'), z1=tensor([0.], device='npu:7')
rank 1 before reduce_scatter_coalesced sync with FLAGCX_GROUP1: x = tensor([0.4542, 0.1188, 0.3019, 0.7353, 0.7579, 0.6425, 0.7764, 0.1020],
       device='npu:1'), y = tensor([0.6761, 0.6760, 0.8926, 0.6862, 0.2396, 0.4146, 0.0661, 0.1430],
       device='npu:1'), z=tensor([0.], device='npu:1'), z1=tensor([0.], device='npu:1')
rank 2 before reduce_scatter_coalesced sync with FLAGCX_GROUP1: x = tensor([0.9102, 0.2441, 0.0079, 0.2527, 0.3848, 0.7862, 0.4335, 0.3678],
       device='npu:2'), y = tensor([0.3249, 0.1073, 0.5525, 0.4691, 0.0937, 0.5674, 0.2254, 0.5112],
       device='npu:2'), z=tensor([0.], device='npu:2'), z1=tensor([0.], device='npu:2')
rank 6 before reduce_scatter_coalesced sync with FLAGCX_GROUP1: x = tensor([0.2017, 0.6050, 0.0779, 0.1614, 0.6197, 0.7034, 0.1024, 0.9016],
       device='npu:6'), y = tensor([0.4217, 0.1408, 0.5574, 0.3724, 0.4732, 0.7923, 0.9615, 0.1108],
       device='npu:6'), z=tensor([0.], device='npu:6'), z1=tensor([0.], device='npu:6')
rank 5 before reduce_scatter_coalesced sync with FLAGCX_GROUP1: x = tensor([0.7027, 0.5976, 0.4540, 0.5890, 0.2515, 0.4552, 0.9417, 0.8567],
       device='npu:5'), y = tensor([0.6361, 0.2219, 0.7113, 0.5892, 0.2061, 0.7602, 0.0342, 0.7117],
       device='npu:5'), z=tensor([0.], device='npu:5'), z1=tensor([0.], device='npu:5')
rank 4 before reduce_scatter_coalesced sync with FLAGCX_GROUP1: x = tensor([0.0543, 0.1270, 0.1390, 0.2269, 0.5237, 0.1374, 0.6218, 0.0922],
       device='npu:4'), y = tensor([0.8007, 0.3317, 0.8863, 0.9160, 0.0452, 0.4589, 0.0755, 0.1236],
       device='npu:4'), z=tensor([0.], device='npu:4'), z1=tensor([0.], device='npu:4')
rank 3 before reduce_scatter_coalesced sync with FLAGCX_GROUP1: x = tensor([0.6114, 0.0547, 0.5654, 0.4322, 0.3228, 0.6034, 0.3945, 0.8513],
       device='npu:3'), y = tensor([0.3044, 0.6748, 0.1967, 0.8157, 0.3597, 0.3269, 0.6402, 0.2771],
       device='npu:3'), z=tensor([0.], device='npu:3'), z1=tensor([0.], device='npu:3')
