NCCL debug information disabled.
torchrun --nproc_per_node 8 --nnodes=1 --node_rank=0 --master_addr="localhost" --master_port=8281 example.py
ddp backend config is cpu:gloo,npu:flagcx
ddp backend config is cpu:gloo,npu:flagcx
ddp backend config is cpu:gloo,npu:flagcxddp backend config is cpu:gloo,npu:flagcxddp backend config is cpu:gloo,npu:flagcx
ddp backend config is cpu:gloo,npu:flagcx

ddp backend config is cpu:gloo,npu:flagcx
ddp backend config is cpu:gloo,npu:flagcx

ranks_flagcx: [0, 1, 2, 3, 4, 5, 6, 7]
rank: 0, world_size = 8, prev_rank: 7, next_rank: 1
ranks_flagcx: [0, 1, 2, 3, 4, 5, 6, 7]
rank: 3, world_size = 8, prev_rank: 2, next_rank: 4
ranks_flagcx: [0, 1, 2, 3, 4, 5, 6, 7]
rank: 2, world_size = 8, prev_rank: 1, next_rank: 3
ranks_flagcx: [0, 1, 2, 3, 4, 5, 6, 7]
rank: 1, world_size = 8, prev_rank: 0, next_rank: 2
ranks_flagcx: [0, 1, 2, 3, 4, 5, 6, 7]
rank: 4, world_size = 8, prev_rank: 3, next_rank: 5
ranks_flagcx: [0, 1, 2, 3, 4, 5, 6, 7]
rank: 7, world_size = 8, prev_rank: 6, next_rank: 0
ranks_flagcx: [0, 1, 2, 3, 4, 5, 6, 7]
rank: 5, world_size = 8, prev_rank: 4, next_rank: 6
ranks_flagcx: [0, 1, 2, 3, 4, 5, 6, 7]
rank: 6, world_size = 8, prev_rank: 5, next_rank: 7
rank 4 before gather on dst rank 0 with FLAGCX_GROUP1: z = tensor([4.], device='npu:4'), x_list = [tensor([0.9955], device='npu:4'), tensor([0.2963], device='npu:4'), tensor([0.0512], device='npu:4'), tensor([0.2960], device='npu:4'), tensor([0.8824], device='npu:4'), tensor([0.4442], device='npu:4'), tensor([0.2955], device='npu:4'), tensor([0.2174], device='npu:4')]
rank 1 before gather on dst rank 0 with FLAGCX_GROUP1: z = tensor([1.], device='npu:1'), x_list = [tensor([0.2506], device='npu:1'), tensor([0.5773], device='npu:1'), tensor([0.8538], device='npu:1'), tensor([0.0358], device='npu:1'), tensor([0.6172], device='npu:1'), tensor([0.2899], device='npu:1'), tensor([0.3126], device='npu:1'), tensor([0.6389], device='npu:1')]
rank 7 before gather on dst rank 0 with FLAGCX_GROUP1: z = tensor([7.], device='npu:7'), x_list = [tensor([0.8011], device='npu:7'), tensor([0.1997], device='npu:7'), tensor([0.9358], device='npu:7'), tensor([0.5701], device='npu:7'), tensor([0.4923], device='npu:7'), tensor([0.2261], device='npu:7'), tensor([0.2117], device='npu:7'), tensor([0.2703], device='npu:7')]
rank 2 before gather on dst rank 0 with FLAGCX_GROUP1: z = tensor([2.], device='npu:2'), x_list = [tensor([0.1907], device='npu:2'), tensor([0.9451], device='npu:2'), tensor([0.2319], device='npu:2'), tensor([0.5822], device='npu:2'), tensor([0.0815], device='npu:2'), tensor([0.6332], device='npu:2'), tensor([0.0087], device='npu:2'), tensor([0.1960], device='npu:2')]
rank 5 before gather on dst rank 0 with FLAGCX_GROUP1: z = tensor([5.], device='npu:5'), x_list = [tensor([0.7524], device='npu:5'), tensor([0.3376], device='npu:5'), tensor([0.3313], device='npu:5'), tensor([0.5324], device='npu:5'), tensor([0.9877], device='npu:5'), tensor([0.7461], device='npu:5'), tensor([0.1596], device='npu:5'), tensor([0.6659], device='npu:5')]
rank 3 before gather on dst rank 0 with FLAGCX_GROUP1: z = tensor([3.], device='npu:3'), x_list = [tensor([0.8156], device='npu:3'), tensor([0.5872], device='npu:3'), tensor([0.7609], device='npu:3'), tensor([0.5469], device='npu:3'), tensor([0.9840], device='npu:3'), tensor([0.8340], device='npu:3'), tensor([0.0705], device='npu:3'), tensor([0.4817], device='npu:3')]
rank 0 before gather on dst rank 0 with FLAGCX_GROUP1: z = tensor([0.], device='npu:0'), x_list = [tensor([0.1431], device='npu:0'), tensor([0.5209], device='npu:0'), tensor([0.6100], device='npu:0'), tensor([0.8066], device='npu:0'), tensor([0.9463], device='npu:0'), tensor([0.0842], device='npu:0'), tensor([0.4623], device='npu:0'), tensor([0.1761], device='npu:0')]
>>>>>>>>>> cannAdaptorStreamCreate <<<<<<<<<<
>>>>>>>>>> cannAdaptorStreamCreate <<<<<<<<<<
>>>>>>>>>> cannAdaptorStreamCreate <<<<<<<<<<
>>>>>>>>>> cannAdaptorStreamCreate <<<<<<<<<<
>>>>>>>>>> cannAdaptorStreamCreate <<<<<<<<<<
rank 6 before gather on dst rank 0 with FLAGCX_GROUP1: z = tensor([6.], device='npu:6'), x_list = [tensor([0.9327], device='npu:6'), tensor([0.2088], device='npu:6'), tensor([0.9193], device='npu:6'), tensor([0.3568], device='npu:6'), tensor([0.5546], device='npu:6'), tensor([0.4815], device='npu:6'), tensor([0.7121], device='npu:6'), tensor([0.7543], device='npu:6')]
>>>>>>>>>> cannAdaptorStreamCreate <<<<<<<<<<
>>>>>>>>>> cannAdaptorStreamCreate <<<<<<<<<<
>>>>>>>>>> cannAdaptorStreamCreate <<<<<<<<<<
p-perf-huawei-06:34468:34468 [0] FLAGCX INFO Bootstrap : Using enp196s0f0:10.1.15.130<0>
p-perf-huawei-06:34464:34464 [0] FLAGCX INFO Bootstrap : Using enp196s0f0:10.1.15.130<0>
p-perf-huawei-06:34466:34466 [0] FLAGCX INFO Bootstrap : Using enp196s0f0:10.1.15.130<0>
p-perf-huawei-06:34467:34467 [0] FLAGCX INFO Bootstrap : Using enp196s0f0:10.1.15.130<0>
p-perf-huawei-06:34470:34470 [0] FLAGCX INFO Bootstrap : Using enp196s0f0:10.1.15.130<0>
p-perf-huawei-06:34469:34469 [0] FLAGCX INFO Bootstrap : Using enp196s0f0:10.1.15.130<0>
p-perf-huawei-06:34465:34465 [0] FLAGCX INFO Bootstrap : Using enp196s0f0:10.1.15.130<0>
p-perf-huawei-06:34463:34463 [0] FLAGCX INFO Bootstrap : Using enp196s0f0:10.1.15.130<0>
p-perf-huawei-06:34463:34645 [0] FLAGCX INFO Bootstrap Root : rank 0 of 8 ranks checked in
p-perf-huawei-06:34463:34645 [0] FLAGCX INFO Bootstrap Root : rank 4 of 8 ranks checked in
p-perf-huawei-06:34463:34645 [0] FLAGCX INFO Bootstrap Root : rank 5 of 8 ranks checked in
p-perf-huawei-06:34463:34645 [0] FLAGCX INFO Bootstrap Root : rank 1 of 8 ranks checked in
p-perf-huawei-06:34463:34645 [0] FLAGCX INFO Bootstrap Root : rank 2 of 8 ranks checked in
p-perf-huawei-06:34463:34645 [0] FLAGCX INFO Bootstrap Root : rank 3 of 8 ranks checked in
p-perf-huawei-06:34463:34645 [0] FLAGCX INFO Bootstrap Root : rank 7 of 8 ranks checked in
p-perf-huawei-06:34463:34645 [0] FLAGCX INFO Bootstrap Root : rank 6 of 8 ranks checked in
p-perf-huawei-06:34463:34645 [0] FLAGCX INFO SENT OUT ALL 8 HANDLES
p-perf-huawei-06:34470:34470 [0] FLAGCX INFO rank 7 nranks 8 - DONE
p-perf-huawei-06:34469:34469 [0] FLAGCX INFO rank 6 nranks 8 - DONE
p-perf-huawei-06:34468:34468 [0] FLAGCX INFO rank 5 nranks 8 - DONE
p-perf-huawei-06:34467:34467 [0] FLAGCX INFO rank 4 nranks 8 - DONE
p-perf-huawei-06:34463:34463 [0] FLAGCX INFO rank 0 nranks 8 - DONE
p-perf-huawei-06:34466:34466 [0] FLAGCX INFO rank 3 nranks 8 - DONE
p-perf-huawei-06:34465:34465 [0] FLAGCX INFO rank 2 nranks 8 - DONE
p-perf-huawei-06:34464:34464 [0] FLAGCX INFO rank 1 nranks 8 - DONE
p-perf-huawei-06:34463:34463 [0] FLAGCX INFO rank = 0, nranks = 8, nclusters = 1, cluster_id = 0, cluster_size = 8, cluster_inter_rank = -1, homo_rank = 0, homo_root_rank = 0, homo_inter_rank = -1, homo_ranks = 8, has_single_rank_homo_comm = 0, 
p-perf-huawei-06:34467:34467 [0] FLAGCX INFO rank = 4, nranks = 8, nclusters = 1, cluster_id = 0, cluster_size = 8, cluster_inter_rank = -1, homo_rank = 4, homo_root_rank = 0, homo_inter_rank = -1, homo_ranks = 8, has_single_rank_homo_comm = 0, 
p-perf-huawei-06:34466:34466 [0] FLAGCX INFO rank = 3, nranks = 8, nclusters = 1, cluster_id = 0, cluster_size = 8, cluster_inter_rank = -1, homo_rank = 3, homo_root_rank = 0, homo_inter_rank = -1, homo_ranks = 8, has_single_rank_homo_comm = 0, 
p-perf-huawei-06:34469:34469 [0] FLAGCX INFO rank = 6, nranks = 8, nclusters = 1, cluster_id = 0, cluster_size = 8, cluster_inter_rank = -1, homo_rank = 6, homo_root_rank = 0, homo_inter_rank = -1, homo_ranks = 8, has_single_rank_homo_comm = 0, 
p-perf-huawei-06:34468:34468 [0] FLAGCX INFO rank = 5, nranks = 8, nclusters = 1, cluster_id = 0, cluster_size = 8, cluster_inter_rank = -1, homo_rank = 5, homo_root_rank = 0, homo_inter_rank = -1, homo_ranks = 8, has_single_rank_homo_comm = 0, 
p-perf-huawei-06:34465:34465 [0] FLAGCX INFO rank = 2, nranks = 8, nclusters = 1, cluster_id = 0, cluster_size = 8, cluster_inter_rank = -1, homo_rank = 2, homo_root_rank = 0, homo_inter_rank = -1, homo_ranks = 8, has_single_rank_homo_comm = 0, 
p-perf-huawei-06:34464:34464 [0] FLAGCX INFO rank = 1, nranks = 8, nclusters = 1, cluster_id = 0, cluster_size = 8, cluster_inter_rank = -1, homo_rank = 1, homo_root_rank = 0, homo_inter_rank = -1, homo_ranks = 8, has_single_rank_homo_comm = 0, 
p-perf-huawei-06:34470:34470 [0] FLAGCX INFO rank = 7, nranks = 8, nclusters = 1, cluster_id = 0, cluster_size = 8, cluster_inter_rank = -1, homo_rank = 7, homo_root_rank = 0, homo_inter_rank = -1, homo_ranks = 8, has_single_rank_homo_comm = 0, 
rank 2 after gather on dst rank 0 with FLAGCX_GROUP1: z = tensor([2.], device='npu:2'), x_list = [tensor([0.1907], device='npu:2'), tensor([0.9451], device='npu:2'), tensor([0.2319], device='npu:2'), tensor([0.5822], device='npu:2'), tensor([0.0815], device='npu:2'), tensor([0.6332], device='npu:2'), tensor([0.0087], device='npu:2'), tensor([0.1960], device='npu:2')]
rank 7 after gather on dst rank 0 with FLAGCX_GROUP1: z = tensor([7.], device='npu:7'), x_list = [tensor([0.8011], device='npu:7'), tensor([0.1997], device='npu:7'), tensor([0.9358], device='npu:7'), tensor([0.5701], device='npu:7'), tensor([0.4923], device='npu:7'), tensor([0.2261], device='npu:7'), tensor([0.2117], device='npu:7'), tensor([0.2703], device='npu:7')]
rank 4 after gather on dst rank 0 with FLAGCX_GROUP1: z = tensor([4.], device='npu:4'), x_list = [tensor([0.9955], device='npu:4'), tensor([0.2963], device='npu:4'), tensor([0.0512], device='npu:4'), tensor([0.2960], device='npu:4'), tensor([0.8824], device='npu:4'), tensor([0.4442], device='npu:4'), tensor([0.2955], device='npu:4'), tensor([0.2174], device='npu:4')]rank 3 after gather on dst rank 0 with FLAGCX_GROUP1: z = tensor([3.], device='npu:3'), x_list = [tensor([0.8156], device='npu:3'), tensor([0.5872], device='npu:3'), tensor([0.7609], device='npu:3'), tensor([0.5469], device='npu:3'), tensor([0.9840], device='npu:3'), tensor([0.8340], device='npu:3'), tensor([0.0705], device='npu:3'), tensor([0.4817], device='npu:3')]

rank 1 after gather on dst rank 0 with FLAGCX_GROUP1: z = tensor([1.], device='npu:1'), x_list = [tensor([0.2506], device='npu:1'), tensor([0.5773], device='npu:1'), tensor([0.8538], device='npu:1'), tensor([0.0358], device='npu:1'), tensor([0.6172], device='npu:1'), tensor([0.2899], device='npu:1'), tensor([0.3126], device='npu:1'), tensor([0.6389], device='npu:1')]
rank 0 after gather on dst rank 0 with FLAGCX_GROUP1: z = tensor([0.], device='npu:0'), x_list = [tensor([0.], device='npu:0'), tensor([1.], device='npu:0'), tensor([2.], device='npu:0'), tensor([3.], device='npu:0'), tensor([4.], device='npu:0'), tensor([5.], device='npu:0'), tensor([6.], device='npu:0'), tensor([7.], device='npu:0')]
rank 5 after gather on dst rank 0 with FLAGCX_GROUP1: z = tensor([5.], device='npu:5'), x_list = [tensor([0.7524], device='npu:5'), tensor([0.3376], device='npu:5'), tensor([0.3313], device='npu:5'), tensor([0.5324], device='npu:5'), tensor([0.9877], device='npu:5'), tensor([0.7461], device='npu:5'), tensor([0.1596], device='npu:5'), tensor([0.6659], device='npu:5')]
rank 6 after gather on dst rank 0 with FLAGCX_GROUP1: z = tensor([6.], device='npu:6'), x_list = [tensor([0.9327], device='npu:6'), tensor([0.2088], device='npu:6'), tensor([0.9193], device='npu:6'), tensor([0.3568], device='npu:6'), tensor([0.5546], device='npu:6'), tensor([0.4815], device='npu:6'), tensor([0.7121], device='npu:6'), tensor([0.7543], device='npu:6')]
>>>>>>>>>> cannAdaptorStreamDestroy <<<<<<<<<<
>>>>>>>>>> cannAdaptorStreamDestroy <<<<<<<<<<
>>>>>>>>>> cannAdaptorStreamDestroy <<<<<<<<<<
>>>>>>>>>> cannAdaptorStreamDestroy <<<<<<<<<<
>>>>>>>>>> cannAdaptorStreamDestroy <<<<<<<<<<
>>>>>>>>>> cannAdaptorStreamDestroy <<<<<<<<<<
>>>>>>>>>> cannAdaptorStreamDestroy <<<<<<<<<<
>>>>>>>>>> cannAdaptorStreamDestroy <<<<<<<<<<
