NCCL debug information disabled.
torchrun --nproc_per_node 8 --nnodes=1 --node_rank=0 --master_addr="localhost" --master_port=8281 example.py
ddp backend config is cpu:gloo,npu:flagcxddp backend config is cpu:gloo,npu:flagcxddp backend config is cpu:gloo,npu:flagcxddp backend config is cpu:gloo,npu:flagcxddp backend config is cpu:gloo,npu:flagcxddp backend config is cpu:gloo,npu:flagcxddp backend config is cpu:gloo,npu:flagcxddp backend config is cpu:gloo,npu:flagcx







ranks_flagcx: [0, 1, 2, 3, 4, 5, 6, 7]
rank: 0, world_size = 8, prev_rank: 7, next_rank: 1
ranks_flagcx: [0, 1, 2, 3, 4, 5, 6, 7]ranks_flagcx: [0, 1, 2, 3, 4, 5, 6, 7]

rank: 2, world_size = 8, prev_rank: 1, next_rank: 3rank: 1, world_size = 8, prev_rank: 0, next_rank: 2

ranks_flagcx: [0, 1, 2, 3, 4, 5, 6, 7]ranks_flagcx: [0, 1, 2, 3, 4, 5, 6, 7]

rank: 3, world_size = 8, prev_rank: 2, next_rank: 4rank: 4, world_size = 8, prev_rank: 3, next_rank: 5

ranks_flagcx: [0, 1, 2, 3, 4, 5, 6, 7]
rank: 6, world_size = 8, prev_rank: 5, next_rank: 7
ranks_flagcx: [0, 1, 2, 3, 4, 5, 6, 7]
rank: 5, world_size = 8, prev_rank: 4, next_rank: 6
ranks_flagcx: [0, 1, 2, 3, 4, 5, 6, 7]
rank: 7, world_size = 8, prev_rank: 6, next_rank: 0
rank 0 before scatter from src rank 0 with FLAGCX_GROUP2: z = tensor([-1.], device='npu:0'), x_list = [tensor([0.1578], device='npu:0'), tensor([0.3057], device='npu:0'), tensor([0.7559], device='npu:0'), tensor([0.2683], device='npu:0'), tensor([0.8271], device='npu:0'), tensor([0.2798], device='npu:0'), tensor([0.0383], device='npu:0'), tensor([0.8970], device='npu:0')]
>>>>>>>>>> cannAdaptorStreamCreate <<<<<<<<<<
p-perf-huawei-06:35745:35745 [0] FLAGCX INFO Bootstrap : Using enp196s0f0:10.1.15.130<0>
p-perf-huawei-06:35745:35922 [0] FLAGCX INFO Bootstrap Root : rank 0 of 8 ranks checked in
rank 5 before scatter from src rank 0 with FLAGCX_GROUP2: z = tensor([-1.], device='npu:5'), x_list = [tensor([0.6762], device='npu:5'), tensor([0.3941], device='npu:5'), tensor([0.9652], device='npu:5'), tensor([0.7396], device='npu:5'), tensor([0.4908], device='npu:5'), tensor([0.9573], device='npu:5'), tensor([0.5164], device='npu:5'), tensor([0.1997], device='npu:5')]
>>>>>>>>>> cannAdaptorStreamCreate <<<<<<<<<<
p-perf-huawei-06:35750:35750 [0] FLAGCX INFO Bootstrap : Using enp196s0f0:10.1.15.130<0>
p-perf-huawei-06:35745:35922 [0] FLAGCX INFO Bootstrap Root : rank 5 of 8 ranks checked in
rank 6 before scatter from src rank 0 with FLAGCX_GROUP2: z = tensor([-1.], device='npu:6'), x_list = [tensor([0.6289], device='npu:6'), tensor([0.6991], device='npu:6'), tensor([0.9953], device='npu:6'), tensor([0.9963], device='npu:6'), tensor([0.5361], device='npu:6'), tensor([0.1068], device='npu:6'), tensor([0.0530], device='npu:6'), tensor([0.7241], device='npu:6')]
>>>>>>>>>> cannAdaptorStreamCreate <<<<<<<<<<
p-perf-huawei-06:35751:35751 [0] FLAGCX INFO Bootstrap : Using enp196s0f0:10.1.15.130<0>
p-perf-huawei-06:35745:35922 [0] FLAGCX INFO Bootstrap Root : rank 6 of 8 ranks checked in
rank 4 before scatter from src rank 0 with FLAGCX_GROUP2: z = tensor([-1.], device='npu:4'), x_list = [tensor([0.5430], device='npu:4'), tensor([0.5795], device='npu:4'), tensor([0.3343], device='npu:4'), tensor([0.7899], device='npu:4'), tensor([0.0204], device='npu:4'), tensor([0.1323], device='npu:4'), tensor([0.5748], device='npu:4'), tensor([0.0358], device='npu:4')]
>>>>>>>>>> cannAdaptorStreamCreate <<<<<<<<<<
p-perf-huawei-06:35749:35749 [0] FLAGCX INFO Bootstrap : Using enp196s0f0:10.1.15.130<0>
p-perf-huawei-06:35745:35922 [0] FLAGCX INFO Bootstrap Root : rank 4 of 8 ranks checked in
rank 2 before scatter from src rank 0 with FLAGCX_GROUP2: z = tensor([-1.], device='npu:2'), x_list = [tensor([0.8705], device='npu:2'), tensor([0.1102], device='npu:2'), tensor([0.5811], device='npu:2'), tensor([0.8431], device='npu:2'), tensor([0.9018], device='npu:2'), tensor([0.0651], device='npu:2'), tensor([0.3867], device='npu:2'), tensor([0.4185], device='npu:2')]
rank 3 before scatter from src rank 0 with FLAGCX_GROUP2: z = tensor([-1.], device='npu:3'), x_list = [tensor([0.0197], device='npu:3'), tensor([0.0494], device='npu:3'), tensor([0.7612], device='npu:3'), tensor([0.8630], device='npu:3'), tensor([0.7648], device='npu:3'), tensor([0.2121], device='npu:3'), tensor([0.4290], device='npu:3'), tensor([0.0629], device='npu:3')]
>>>>>>>>>> cannAdaptorStreamCreate <<<<<<<<<<
>>>>>>>>>> cannAdaptorStreamCreate <<<<<<<<<<
rank 1 before scatter from src rank 0 with FLAGCX_GROUP2: z = tensor([-1.], device='npu:1'), x_list = [tensor([0.8438], device='npu:1'), tensor([0.4766], device='npu:1'), tensor([0.9351], device='npu:1'), tensor([0.6909], device='npu:1'), tensor([0.4565], device='npu:1'), tensor([0.8537], device='npu:1'), tensor([0.7589], device='npu:1'), tensor([0.5063], device='npu:1')]
>>>>>>>>>> cannAdaptorStreamCreate <<<<<<<<<<
rank 7 before scatter from src rank 0 with FLAGCX_GROUP2: z = tensor([-1.], device='npu:7'), x_list = [tensor([0.5790], device='npu:7'), tensor([0.8033], device='npu:7'), tensor([0.7474], device='npu:7'), tensor([0.2589], device='npu:7'), tensor([0.5495], device='npu:7'), tensor([0.5457], device='npu:7'), tensor([0.6569], device='npu:7'), tensor([0.0127], device='npu:7')]
>>>>>>>>>> cannAdaptorStreamCreate <<<<<<<<<<
p-perf-huawei-06:35748:35748 [0] FLAGCX INFO Bootstrap : Using enp196s0f0:10.1.15.130<0>
p-perf-huawei-06:35746:35746 [0] FLAGCX INFO Bootstrap : Using enp196s0f0:10.1.15.130<0>
p-perf-huawei-06:35747:35747 [0] FLAGCX INFO Bootstrap : Using enp196s0f0:10.1.15.130<0>
p-perf-huawei-06:35745:35922 [0] FLAGCX INFO Bootstrap Root : rank 1 of 8 ranks checked in
p-perf-huawei-06:35745:35922 [0] FLAGCX INFO Bootstrap Root : rank 3 of 8 ranks checked in
p-perf-huawei-06:35745:35922 [0] FLAGCX INFO Bootstrap Root : rank 2 of 8 ranks checked in
p-perf-huawei-06:35752:35752 [0] FLAGCX INFO Bootstrap : Using enp196s0f0:10.1.15.130<0>
p-perf-huawei-06:35745:35922 [0] FLAGCX INFO Bootstrap Root : rank 7 of 8 ranks checked in
p-perf-huawei-06:35745:35922 [0] FLAGCX INFO SENT OUT ALL 8 HANDLES
p-perf-huawei-06:35751:35751 [0] FLAGCX INFO rank 6 nranks 8 - DONE
p-perf-huawei-06:35750:35750 [0] FLAGCX INFO rank 5 nranks 8 - DONE
p-perf-huawei-06:35752:35752 [0] FLAGCX INFO rank 7 nranks 8 - DONE
p-perf-huawei-06:35749:35749 [0] FLAGCX INFO rank 4 nranks 8 - DONE
p-perf-huawei-06:35745:35745 [0] FLAGCX INFO rank 0 nranks 8 - DONE
p-perf-huawei-06:35747:35747 [0] FLAGCX INFO rank 2 nranks 8 - DONE
p-perf-huawei-06:35748:35748 [0] FLAGCX INFO rank 3 nranks 8 - DONE
p-perf-huawei-06:35746:35746 [0] FLAGCX INFO rank 1 nranks 8 - DONE
p-perf-huawei-06:35745:35745 [0] FLAGCX INFO rank = 0, nranks = 8, nclusters = 1, cluster_id = 0, cluster_size = 8, cluster_inter_rank = -1, homo_rank = 0, homo_root_rank = 0, homo_inter_rank = -1, homo_ranks = 8, has_single_rank_homo_comm = 0, 
p-perf-huawei-06:35750:35750 [0] FLAGCX INFO rank = 5, nranks = 8, nclusters = 1, cluster_id = 0, cluster_size = 8, cluster_inter_rank = -1, homo_rank = 5, homo_root_rank = 0, homo_inter_rank = -1, homo_ranks = 8, has_single_rank_homo_comm = 0, 
p-perf-huawei-06:35751:35751 [0] FLAGCX INFO rank = 6, nranks = 8, nclusters = 1, cluster_id = 0, cluster_size = 8, cluster_inter_rank = -1, homo_rank = 6, homo_root_rank = 0, homo_inter_rank = -1, homo_ranks = 8, has_single_rank_homo_comm = 0, 
p-perf-huawei-06:35748:35748 [0] FLAGCX INFO rank = 3, nranks = 8, nclusters = 1, cluster_id = 0, cluster_size = 8, cluster_inter_rank = -1, homo_rank = 3, homo_root_rank = 0, homo_inter_rank = -1, homo_ranks = 8, has_single_rank_homo_comm = 0, 
p-perf-huawei-06:35749:35749 [0] FLAGCX INFO rank = 4, nranks = 8, nclusters = 1, cluster_id = 0, cluster_size = 8, cluster_inter_rank = -1, homo_rank = 4, homo_root_rank = 0, homo_inter_rank = -1, homo_ranks = 8, has_single_rank_homo_comm = 0, 
p-perf-huawei-06:35752:35752 [0] FLAGCX INFO rank = 7, nranks = 8, nclusters = 1, cluster_id = 0, cluster_size = 8, cluster_inter_rank = -1, homo_rank = 7, homo_root_rank = 0, homo_inter_rank = -1, homo_ranks = 8, has_single_rank_homo_comm = 0, 
p-perf-huawei-06:35747:35747 [0] FLAGCX INFO rank = 2, nranks = 8, nclusters = 1, cluster_id = 0, cluster_size = 8, cluster_inter_rank = -1, homo_rank = 2, homo_root_rank = 0, homo_inter_rank = -1, homo_ranks = 8, has_single_rank_homo_comm = 0, 
p-perf-huawei-06:35746:35746 [0] FLAGCX INFO rank = 1, nranks = 8, nclusters = 1, cluster_id = 0, cluster_size = 8, cluster_inter_rank = -1, homo_rank = 1, homo_root_rank = 0, homo_inter_rank = -1, homo_ranks = 8, has_single_rank_homo_comm = 0, 
rank 0 after scatter from src rank 0 with FLAGCX_GROUP2: z = tensor([0.1578], device='npu:0'), x_list = [tensor([0.1578], device='npu:0'), tensor([0.3057], device='npu:0'), tensor([0.7559], device='npu:0'), tensor([0.2683], device='npu:0'), tensor([0.8271], device='npu:0'), tensor([0.2798], device='npu:0'), tensor([0.0383], device='npu:0'), tensor([0.8970], device='npu:0')]
rank 6 after scatter from src rank 0 with FLAGCX_GROUP2: z = tensor([0.0383], device='npu:6'), x_list = [tensor([0.6289], device='npu:6'), tensor([0.6991], device='npu:6'), tensor([0.9953], device='npu:6'), tensor([0.9963], device='npu:6'), tensor([0.5361], device='npu:6'), tensor([0.1068], device='npu:6'), tensor([0.0530], device='npu:6'), tensor([0.7241], device='npu:6')]
rank 7 after scatter from src rank 0 with FLAGCX_GROUP2: z = tensor([0.8970], device='npu:7'), x_list = [tensor([0.5790], device='npu:7'), tensor([0.8033], device='npu:7'), tensor([0.7474], device='npu:7'), tensor([0.2589], device='npu:7'), tensor([0.5495], device='npu:7'), tensor([0.5457], device='npu:7'), tensor([0.6569], device='npu:7'), tensor([0.0127], device='npu:7')]
rank 3 after scatter from src rank 0 with FLAGCX_GROUP2: z = tensor([0.2683], device='npu:3'), x_list = [tensor([0.0197], device='npu:3'), tensor([0.0494], device='npu:3'), tensor([0.7612], device='npu:3'), tensor([0.8630], device='npu:3'), tensor([0.7648], device='npu:3'), tensor([0.2121], device='npu:3'), tensor([0.4290], device='npu:3'), tensor([0.0629], device='npu:3')]
rank 1 after scatter from src rank 0 with FLAGCX_GROUP2: z = tensor([0.3057], device='npu:1'), x_list = [tensor([0.8438], device='npu:1'), tensor([0.4766], device='npu:1'), tensor([0.9351], device='npu:1'), tensor([0.6909], device='npu:1'), tensor([0.4565], device='npu:1'), tensor([0.8537], device='npu:1'), tensor([0.7589], device='npu:1'), tensor([0.5063], device='npu:1')]
rank 2 after scatter from src rank 0 with FLAGCX_GROUP2: z = tensor([0.7559], device='npu:2'), x_list = [tensor([0.8705], device='npu:2'), tensor([0.1102], device='npu:2'), tensor([0.5811], device='npu:2'), tensor([0.8431], device='npu:2'), tensor([0.9018], device='npu:2'), tensor([0.0651], device='npu:2'), tensor([0.3867], device='npu:2'), tensor([0.4185], device='npu:2')]
rank 5 after scatter from src rank 0 with FLAGCX_GROUP2: z = tensor([0.2798], device='npu:5'), x_list = [tensor([0.6762], device='npu:5'), tensor([0.3941], device='npu:5'), tensor([0.9652], device='npu:5'), tensor([0.7396], device='npu:5'), tensor([0.4908], device='npu:5'), tensor([0.9573], device='npu:5'), tensor([0.5164], device='npu:5'), tensor([0.1997], device='npu:5')]
rank 4 after scatter from src rank 0 with FLAGCX_GROUP2: z = tensor([0.8271], device='npu:4'), x_list = [tensor([0.5430], device='npu:4'), tensor([0.5795], device='npu:4'), tensor([0.3343], device='npu:4'), tensor([0.7899], device='npu:4'), tensor([0.0204], device='npu:4'), tensor([0.1323], device='npu:4'), tensor([0.5748], device='npu:4'), tensor([0.0358], device='npu:4')]
>>>>>>>>>> cannAdaptorStreamDestroy <<<<<<<<<<
>>>>>>>>>> cannAdaptorStreamDestroy <<<<<<<<<<
>>>>>>>>>> cannAdaptorStreamDestroy <<<<<<<<<<>>>>>>>>>> cannAdaptorStreamDestroy <<<<<<<<<<

>>>>>>>>>> cannAdaptorStreamDestroy <<<<<<<<<<
>>>>>>>>>> cannAdaptorStreamDestroy <<<<<<<<<<
>>>>>>>>>> cannAdaptorStreamDestroy <<<<<<<<<<>>>>>>>>>> cannAdaptorStreamDestroy <<<<<<<<<<

