NCCL debug information disabled.
torchrun --nproc_per_node 8 --nnodes=1 --node_rank=0 --master_addr="localhost" --master_port=8281 example.py
ddp backend config is cpu:gloo,npu:flagcxddp backend config is cpu:gloo,npu:flagcx
ddp backend config is cpu:gloo,npu:flagcx

ddp backend config is cpu:gloo,npu:flagcxddp backend config is cpu:gloo,npu:flagcx
ddp backend config is cpu:gloo,npu:flagcx

ddp backend config is cpu:gloo,npu:flagcx
ddp backend config is cpu:gloo,npu:flagcx
ranks_flagcx: [0, 1, 2, 3, 4, 5, 6, 7]
rank: 1, world_size = 8, prev_rank: 0, next_rank: 2
ranks_flagcx: [0, 1, 2, 3, 4, 5, 6, 7]
rank: 0, world_size = 8, prev_rank: 7, next_rank: 1
ranks_flagcx: [0, 1, 2, 3, 4, 5, 6, 7]
rank: 2, world_size = 8, prev_rank: 1, next_rank: 3
ranks_flagcx: [0, 1, 2, 3, 4, 5, 6, 7]
rank: 3, world_size = 8, prev_rank: 2, next_rank: 4
ranks_flagcx: [0, 1, 2, 3, 4, 5, 6, 7]
rank: 5, world_size = 8, prev_rank: 4, next_rank: 6
ranks_flagcx: [0, 1, 2, 3, 4, 5, 6, 7]
rank: 6, world_size = 8, prev_rank: 5, next_rank: 7
ranks_flagcx: [0, 1, 2, 3, 4, 5, 6, 7]
rank: 4, world_size = 8, prev_rank: 3, next_rank: 5
ranks_flagcx: [0, 1, 2, 3, 4, 5, 6, 7]
rank: 7, world_size = 8, prev_rank: 6, next_rank: 0
rank 0 before _all_gather_base with FLAGCX_GROUP1: z = tensor([0.], device='npu:0'), y = tensor([0.1828, 0.1301, 0.4488, 0.7578, 0.4314, 0.0559, 0.5735, 0.2953],
       device='npu:0')
>>>>>>>>>> cannAdaptorStreamCreate <<<<<<<<<<
rank 5 before _all_gather_base with FLAGCX_GROUP1: z = tensor([5.], device='npu:5'), y = tensor([0.4695, 0.0785, 0.5045, 0.0689, 0.6894, 0.0082, 0.5607, 0.6064],
       device='npu:5')
>>>>>>>>>> cannAdaptorStreamCreate <<<<<<<<<<
rank 2 before _all_gather_base with FLAGCX_GROUP1: z = tensor([2.], device='npu:2'), y = tensor([0.5466, 0.5375, 0.7780, 0.5478, 0.1038, 0.1971, 0.4812, 0.3715],
       device='npu:2')
>>>>>>>>>> cannAdaptorStreamCreate <<<<<<<<<<
p-perf-huawei-06:31850:31850 [0] FLAGCX INFO Bootstrap : Using enp196s0f0:10.1.15.130<0>
p-perf-huawei-06:31855:31855 [0] FLAGCX INFO Bootstrap : Using enp196s0f0:10.1.15.130<0>
p-perf-huawei-06:31852:31852 [0] FLAGCX INFO Bootstrap : Using enp196s0f0:10.1.15.130<0>
p-perf-huawei-06:31850:32027 [0] FLAGCX INFO Bootstrap Root : rank 0 of 8 ranks checked in
p-perf-huawei-06:31850:32027 [0] FLAGCX INFO Bootstrap Root : rank 2 of 8 ranks checked in
p-perf-huawei-06:31850:32027 [0] FLAGCX INFO Bootstrap Root : rank 5 of 8 ranks checked in
rank 6 before _all_gather_base with FLAGCX_GROUP1: z = tensor([6.], device='npu:6'), y = tensor([0.1072, 0.1786, 0.3318, 0.3058, 0.3465, 0.6391, 0.3802, 0.5581],
       device='npu:6')
>>>>>>>>>> cannAdaptorStreamCreate <<<<<<<<<<
p-perf-huawei-06:31856:31856 [0] FLAGCX INFO Bootstrap : Using enp196s0f0:10.1.15.130<0>
rank 4 before _all_gather_base with FLAGCX_GROUP1: z = tensor([4.], device='npu:4'), y = tensor([0.2047, 0.3891, 0.4137, 0.0412, 0.5470, 0.3683, 0.1228, 0.0236],
       device='npu:4')
>>>>>>>>>> cannAdaptorStreamCreate <<<<<<<<<<
p-perf-huawei-06:31850:32027 [0] FLAGCX INFO Bootstrap Root : rank 6 of 8 ranks checked in
rank 7 before _all_gather_base with FLAGCX_GROUP1: z = tensor([7.], device='npu:7'), y = tensor([0.2979, 0.2239, 0.2880, 0.8967, 0.7486, 0.6175, 0.4376, 0.3233],
       device='npu:7')
>>>>>>>>>> cannAdaptorStreamCreate <<<<<<<<<<
rank 1 before _all_gather_base with FLAGCX_GROUP1: z = tensor([1.], device='npu:1'), y = tensor([0.6575, 0.0711, 0.0171, 0.6137, 0.6427, 0.3387, 0.1205, 0.1687],
       device='npu:1')
>>>>>>>>>> cannAdaptorStreamCreate <<<<<<<<<<
p-perf-huawei-06:31854:31854 [0] FLAGCX INFO Bootstrap : Using enp196s0f0:10.1.15.130<0>
p-perf-huawei-06:31850:32027 [0] FLAGCX INFO Bootstrap Root : rank 4 of 8 ranks checked in
p-perf-huawei-06:31851:31851 [0] FLAGCX INFO Bootstrap : Using enp196s0f0:10.1.15.130<0>
p-perf-huawei-06:31857:31857 [0] FLAGCX INFO Bootstrap : Using enp196s0f0:10.1.15.130<0>
p-perf-huawei-06:31850:32027 [0] FLAGCX INFO Bootstrap Root : rank 1 of 8 ranks checked in
p-perf-huawei-06:31850:32027 [0] FLAGCX INFO Bootstrap Root : rank 7 of 8 ranks checked in
rank 3 before _all_gather_base with FLAGCX_GROUP1: z = tensor([3.], device='npu:3'), y = tensor([0.3525, 0.3300, 0.9687, 0.8661, 0.2091, 0.0584, 0.8123, 0.3857],
       device='npu:3')
>>>>>>>>>> cannAdaptorStreamCreate <<<<<<<<<<
p-perf-huawei-06:31853:31853 [0] FLAGCX INFO Bootstrap : Using enp196s0f0:10.1.15.130<0>
p-perf-huawei-06:31850:32027 [0] FLAGCX INFO Bootstrap Root : rank 3 of 8 ranks checked in
p-perf-huawei-06:31850:32027 [0] FLAGCX INFO SENT OUT ALL 8 HANDLES
p-perf-huawei-06:31857:31857 [0] FLAGCX INFO rank 7 nranks 8 - DONE
p-perf-huawei-06:31853:31853 [0] FLAGCX INFO rank 3 nranks 8 - DONE
p-perf-huawei-06:31850:31850 [0] FLAGCX INFO rank 0 nranks 8 - DONE
p-perf-huawei-06:31855:31855 [0] FLAGCX INFO rank 5 nranks 8 - DONE
p-perf-huawei-06:31852:31852 [0] FLAGCX INFO rank 2 nranks 8 - DONE
p-perf-huawei-06:31854:31854 [0] FLAGCX INFO rank 4 nranks 8 - DONE
p-perf-huawei-06:31856:31856 [0] FLAGCX INFO rank 6 nranks 8 - DONE
p-perf-huawei-06:31851:31851 [0] FLAGCX INFO rank 1 nranks 8 - DONE
p-perf-huawei-06:31850:31850 [0] FLAGCX INFO rank = 0, nranks = 8, nclusters = 1, cluster_id = 0, cluster_size = 8, cluster_inter_rank = -1, homo_rank = 0, homo_root_rank = 0, homo_inter_rank = -1, homo_ranks = 8, has_single_rank_homo_comm = 0, 
p-perf-huawei-06:31855:31855 [0] FLAGCX INFO rank = 5, nranks = 8, nclusters = 1, cluster_id = 0, cluster_size = 8, cluster_inter_rank = -1, homo_rank = 5, homo_root_rank = 0, homo_inter_rank = -1, homo_ranks = 8, has_single_rank_homo_comm = 0, 
p-perf-huawei-06:31856:31856 [0] FLAGCX INFO rank = 6, nranks = 8, nclusters = 1, cluster_id = 0, cluster_size = 8, cluster_inter_rank = -1, homo_rank = 6, homo_root_rank = 0, homo_inter_rank = -1, homo_ranks = 8, has_single_rank_homo_comm = 0, 
p-perf-huawei-06:31853:31853 [0] FLAGCX INFO rank = 3, nranks = 8, nclusters = 1, cluster_id = 0, cluster_size = 8, cluster_inter_rank = -1, homo_rank = 3, homo_root_rank = 0, homo_inter_rank = -1, homo_ranks = 8, has_single_rank_homo_comm = 0, 
p-perf-huawei-06:31854:31854 [0] FLAGCX INFO rank = 4, nranks = 8, nclusters = 1, cluster_id = 0, cluster_size = 8, cluster_inter_rank = -1, homo_rank = 4, homo_root_rank = 0, homo_inter_rank = -1, homo_ranks = 8, has_single_rank_homo_comm = 0, 
p-perf-huawei-06:31852:31852 [0] FLAGCX INFO rank = 2, nranks = 8, nclusters = 1, cluster_id = 0, cluster_size = 8, cluster_inter_rank = -1, homo_rank = 2, homo_root_rank = 0, homo_inter_rank = -1, homo_ranks = 8, has_single_rank_homo_comm = 0, 
p-perf-huawei-06:31857:31857 [0] FLAGCX INFO rank = 7, nranks = 8, nclusters = 1, cluster_id = 0, cluster_size = 8, cluster_inter_rank = -1, homo_rank = 7, homo_root_rank = 0, homo_inter_rank = -1, homo_ranks = 8, has_single_rank_homo_comm = 0, 
p-perf-huawei-06:31851:31851 [0] FLAGCX INFO rank = 1, nranks = 8, nclusters = 1, cluster_id = 0, cluster_size = 8, cluster_inter_rank = -1, homo_rank = 1, homo_root_rank = 0, homo_inter_rank = -1, homo_ranks = 8, has_single_rank_homo_comm = 0, 
rank 0 after _all_gather_base with FLAGCX_GROUP1: z = tensor([0.], device='npu:0'), y = tensor([0., 1., 2., 3., 4., 5., 6., 7.], device='npu:0')
rank 7 after _all_gather_base with FLAGCX_GROUP1: z = tensor([7.], device='npu:7'), y = tensor([0., 1., 2., 3., 4., 5., 6., 7.], device='npu:7')
rank 2 after _all_gather_base with FLAGCX_GROUP1: z = tensor([2.], device='npu:2'), y = tensor([0., 1., 2., 3., 4., 5., 6., 7.], device='npu:2')
rank 4 after _all_gather_base with FLAGCX_GROUP1: z = tensor([4.], device='npu:4'), y = tensor([0., 1., 2., 3., 4., 5., 6., 7.], device='npu:4')
rank 1 after _all_gather_base with FLAGCX_GROUP1: z = tensor([1.], device='npu:1'), y = tensor([0., 1., 2., 3., 4., 5., 6., 7.], device='npu:1')
rank 3 after _all_gather_base with FLAGCX_GROUP1: z = tensor([3.], device='npu:3'), y = tensor([0., 1., 2., 3., 4., 5., 6., 7.], device='npu:3')
rank 5 after _all_gather_base with FLAGCX_GROUP1: z = tensor([5.], device='npu:5'), y = tensor([0., 1., 2., 3., 4., 5., 6., 7.], device='npu:5')
rank 6 after _all_gather_base with FLAGCX_GROUP1: z = tensor([6.], device='npu:6'), y = tensor([0., 1., 2., 3., 4., 5., 6., 7.], device='npu:6')
rank 7 before all_gather with FLAGCX_GROUP1: z = tensor([7.], device='npu:7'), z_list = [tensor([0.8187], device='npu:7'), tensor([0.5538], device='npu:7'), tensor([0.7829], device='npu:7'), tensor([0.1144], device='npu:7'), tensor([0.5434], device='npu:7'), tensor([0.1400], device='npu:7'), tensor([0.0423], device='npu:7'), tensor([0.3491], device='npu:7')]
rank 0 before all_gather with FLAGCX_GROUP1: z = tensor([0.], device='npu:0'), z_list = [tensor([0.7364], device='npu:0'), tensor([0.8978], device='npu:0'), tensor([0.5961], device='npu:0'), tensor([0.4550], device='npu:0'), tensor([0.7903], device='npu:0'), tensor([0.8517], device='npu:0'), tensor([0.4646], device='npu:0'), tensor([0.2071], device='npu:0')]
rank 2 before all_gather with FLAGCX_GROUP1: z = tensor([2.], device='npu:2'), z_list = [tensor([0.1409], device='npu:2'), tensor([0.5389], device='npu:2'), tensor([0.4955], device='npu:2'), tensor([0.5115], device='npu:2'), tensor([0.9621], device='npu:2'), tensor([0.7902], device='npu:2'), tensor([0.0164], device='npu:2'), tensor([0.2793], device='npu:2')]
rank 4 before all_gather with FLAGCX_GROUP1: z = tensor([4.], device='npu:4'), z_list = [tensor([0.9469], device='npu:4'), tensor([0.0099], device='npu:4'), tensor([0.2118], device='npu:4'), tensor([0.7080], device='npu:4'), tensor([0.0673], device='npu:4'), tensor([0.9656], device='npu:4'), tensor([0.8730], device='npu:4'), tensor([0.3341], device='npu:4')]
rank 3 before all_gather with FLAGCX_GROUP1: z = tensor([3.], device='npu:3'), z_list = [tensor([0.8940], device='npu:3'), tensor([0.4926], device='npu:3'), tensor([0.5703], device='npu:3'), tensor([0.1501], device='npu:3'), tensor([0.5570], device='npu:3'), tensor([0.0016], device='npu:3'), tensor([0.7656], device='npu:3'), tensor([0.1670], device='npu:3')]
rank 1 before all_gather with FLAGCX_GROUP1: z = tensor([1.], device='npu:1'), z_list = [tensor([0.3503], device='npu:1'), tensor([0.9304], device='npu:1'), tensor([0.4200], device='npu:1'), tensor([0.2476], device='npu:1'), tensor([0.8952], device='npu:1'), tensor([0.6004], device='npu:1'), tensor([0.4360], device='npu:1'), tensor([0.4946], device='npu:1')]
rank 6 before all_gather with FLAGCX_GROUP1: z = tensor([6.], device='npu:6'), z_list = [tensor([0.3005], device='npu:6'), tensor([0.8886], device='npu:6'), tensor([0.9136], device='npu:6'), tensor([0.5116], device='npu:6'), tensor([0.2918], device='npu:6'), tensor([0.8129], device='npu:6'), tensor([0.6142], device='npu:6'), tensor([0.6703], device='npu:6')]
rank 5 before all_gather with FLAGCX_GROUP1: z = tensor([5.], device='npu:5'), z_list = [tensor([0.5475], device='npu:5'), tensor([0.6604], device='npu:5'), tensor([0.5977], device='npu:5'), tensor([0.4639], device='npu:5'), tensor([0.3088], device='npu:5'), tensor([0.3058], device='npu:5'), tensor([0.0174], device='npu:5'), tensor([0.2183], device='npu:5')]
rank 0 after all_gather with FLAGCX_GROUP1: z = tensor([0.], device='npu:0'), z_list = [tensor([0.], device='npu:0'), tensor([1.], device='npu:0'), tensor([2.], device='npu:0'), tensor([3.], device='npu:0'), tensor([4.], device='npu:0'), tensor([5.], device='npu:0'), tensor([6.], device='npu:0'), tensor([7.], device='npu:0')]
rank 2 after all_gather with FLAGCX_GROUP1: z = tensor([2.], device='npu:2'), z_list = [tensor([0.], device='npu:2'), tensor([1.], device='npu:2'), tensor([2.], device='npu:2'), tensor([3.], device='npu:2'), tensor([4.], device='npu:2'), tensor([5.], device='npu:2'), tensor([6.], device='npu:2'), tensor([7.], device='npu:2')]
rank 7 after all_gather with FLAGCX_GROUP1: z = tensor([7.], device='npu:7'), z_list = [tensor([0.], device='npu:7'), tensor([1.], device='npu:7'), tensor([2.], device='npu:7'), tensor([3.], device='npu:7'), tensor([4.], device='npu:7'), tensor([5.], device='npu:7'), tensor([6.], device='npu:7'), tensor([7.], device='npu:7')]
rank 3 after all_gather with FLAGCX_GROUP1: z = tensor([3.], device='npu:3'), z_list = [tensor([0.], device='npu:3'), tensor([1.], device='npu:3'), tensor([2.], device='npu:3'), tensor([3.], device='npu:3'), tensor([4.], device='npu:3'), tensor([5.], device='npu:3'), tensor([6.], device='npu:3'), tensor([7.], device='npu:3')]
rank 1 after all_gather with FLAGCX_GROUP1: z = tensor([1.], device='npu:1'), z_list = [tensor([0.], device='npu:1'), tensor([1.], device='npu:1'), tensor([2.], device='npu:1'), tensor([3.], device='npu:1'), tensor([4.], device='npu:1'), tensor([5.], device='npu:1'), tensor([6.], device='npu:1'), tensor([7.], device='npu:1')]
rank 5 after all_gather with FLAGCX_GROUP1: z = tensor([5.], device='npu:5'), z_list = [tensor([0.], device='npu:5'), tensor([1.], device='npu:5'), tensor([2.], device='npu:5'), tensor([3.], device='npu:5'), tensor([4.], device='npu:5'), tensor([5.], device='npu:5'), tensor([6.], device='npu:5'), tensor([7.], device='npu:5')]
rank 4 after all_gather with FLAGCX_GROUP1: z = tensor([4.], device='npu:4'), z_list = [tensor([0.], device='npu:4'), tensor([1.], device='npu:4'), tensor([2.], device='npu:4'), tensor([3.], device='npu:4'), tensor([4.], device='npu:4'), tensor([5.], device='npu:4'), tensor([6.], device='npu:4'), tensor([7.], device='npu:4')]
rank 6 after all_gather with FLAGCX_GROUP1: z = tensor([6.], device='npu:6'), z_list = [tensor([0.], device='npu:6'), tensor([1.], device='npu:6'), tensor([2.], device='npu:6'), tensor([3.], device='npu:6'), tensor([4.], device='npu:6'), tensor([5.], device='npu:6'), tensor([6.], device='npu:6'), tensor([7.], device='npu:6')]
rank 3 after all_gather_object with FLAGCX_GROUP1: all_rank_infos = [[0, 1], [1, 2], [2, 3], [3, 4], [4, 5], [5, 6], [6, 7], [7, 8]]
rank 2 after all_gather_object with FLAGCX_GROUP1: all_rank_infos = [[0, 1], [1, 2], [2, 3], [3, 4], [4, 5], [5, 6], [6, 7], [7, 8]]
rank 1 after all_gather_object with FLAGCX_GROUP1: all_rank_infos = [[0, 1], [1, 2], [2, 3], [3, 4], [4, 5], [5, 6], [6, 7], [7, 8]]
rank 4 after all_gather_object with FLAGCX_GROUP1: all_rank_infos = [[0, 1], [1, 2], [2, 3], [3, 4], [4, 5], [5, 6], [6, 7], [7, 8]]
rank 0 after all_gather_object with FLAGCX_GROUP1: all_rank_infos = [[0, 1], [1, 2], [2, 3], [3, 4], [4, 5], [5, 6], [6, 7], [7, 8]]
rank 7 after all_gather_object with FLAGCX_GROUP1: all_rank_infos = [[0, 1], [1, 2], [2, 3], [3, 4], [4, 5], [5, 6], [6, 7], [7, 8]]
rank 5 after all_gather_object with FLAGCX_GROUP1: all_rank_infos = [[0, 1], [1, 2], [2, 3], [3, 4], [4, 5], [5, 6], [6, 7], [7, 8]]
rank 6 after all_gather_object with FLAGCX_GROUP1: all_rank_infos = [[0, 1], [1, 2], [2, 3], [3, 4], [4, 5], [5, 6], [6, 7], [7, 8]]
rank 0 before all_gather_coalesced sync with FLAGCX_GROUP1: x = tensor([0., 1., 2., 3., 4., 5., 6., 7.], device='npu:0'), y = tensor([0., 1., 2., 3., 4., 5., 6., 7.], device='npu:0'), z = tensor([0.], device='npu:0'), z1 = tensor([0.], device='npu:0')
all reduce is exe 1
rank 7 before all_gather_coalesced sync with FLAGCX_GROUP1: x = tensor([0., 1., 2., 3., 4., 5., 6., 7.], device='npu:7'), y = tensor([0., 1., 2., 3., 4., 5., 6., 7.], device='npu:7'), z = tensor([7.], device='npu:7'), z1 = tensor([70.], device='npu:7')
rank 2 before all_gather_coalesced sync with FLAGCX_GROUP1: x = tensor([0., 1., 2., 3., 4., 5., 6., 7.], device='npu:2'), y = tensor([0., 1., 2., 3., 4., 5., 6., 7.], device='npu:2'), z = tensor([2.], device='npu:2'), z1 = tensor([20.], device='npu:2')
all reduce is exe 1
all reduce is exe 1
rank 3 before all_gather_coalesced sync with FLAGCX_GROUP1: x = tensor([0., 1., 2., 3., 4., 5., 6., 7.], device='npu:3'), y = tensor([0., 1., 2., 3., 4., 5., 6., 7.], device='npu:3'), z = tensor([3.], device='npu:3'), z1 = tensor([30.], device='npu:3')
rank 1 before all_gather_coalesced sync with FLAGCX_GROUP1: x = tensor([0., 1., 2., 3., 4., 5., 6., 7.], device='npu:1'), y = tensor([0., 1., 2., 3., 4., 5., 6., 7.], device='npu:1'), z = tensor([1.], device='npu:1'), z1 = tensor([10.], device='npu:1')
all reduce is exe 1
all reduce is exe 1
rank 5 before all_gather_coalesced sync with FLAGCX_GROUP1: x = tensor([0., 1., 2., 3., 4., 5., 6., 7.], device='npu:5'), y = tensor([0., 1., 2., 3., 4., 5., 6., 7.], device='npu:5'), z = tensor([5.], device='npu:5'), z1 = tensor([50.], device='npu:5')
rank 4 before all_gather_coalesced sync with FLAGCX_GROUP1: x = tensor([0., 1., 2., 3., 4., 5., 6., 7.], device='npu:4'), y = tensor([0., 1., 2., 3., 4., 5., 6., 7.], device='npu:4'), z = tensor([4.], device='npu:4'), z1 = tensor([40.], device='npu:4')
all reduce is exe 1
all reduce is exe 1
rank 6 before all_gather_coalesced sync with FLAGCX_GROUP1: x = tensor([0., 1., 2., 3., 4., 5., 6., 7.], device='npu:6'), y = tensor([0., 1., 2., 3., 4., 5., 6., 7.], device='npu:6'), z = tensor([6.], device='npu:6'), z1 = tensor([60.], device='npu:6')
all reduce is exe 1
rank 0 after all_gather_coalesced sync with FLAGCX_GROUP1: x = tensor([ 0., 10., 20., 30., 40., 50., 60., 70.], device='npu:0'), y = tensor([0., 1., 2., 3., 4., 5., 6., 7.], device='npu:0'), z = tensor([0.], device='npu:0'), z1 = tensor([0.], device='npu:0')
rank 7 after all_gather_coalesced sync with FLAGCX_GROUP1: x = tensor([ 0., 10., 20., 30., 40., 50., 60., 70.], device='npu:7'), y = tensor([0., 1., 2., 3., 4., 5., 6., 7.], device='npu:7'), z = tensor([7.], device='npu:7'), z1 = tensor([70.], device='npu:7')
rank 3 after all_gather_coalesced sync with FLAGCX_GROUP1: x = tensor([ 0., 10., 20., 30., 40., 50., 60., 70.], device='npu:3'), y = tensor([0., 1., 2., 3., 4., 5., 6., 7.], device='npu:3'), z = tensor([3.], device='npu:3'), z1 = tensor([30.], device='npu:3')
rank 1 after all_gather_coalesced sync with FLAGCX_GROUP1: x = tensor([ 0., 10., 20., 30., 40., 50., 60., 70.], device='npu:1'), y = tensor([0., 1., 2., 3., 4., 5., 6., 7.], device='npu:1'), z = tensor([1.], device='npu:1'), z1 = tensor([10.], device='npu:1')
rank 5 after all_gather_coalesced sync with FLAGCX_GROUP1: x = tensor([ 0., 10., 20., 30., 40., 50., 60., 70.], device='npu:5'), y = tensor([0., 1., 2., 3., 4., 5., 6., 7.], device='npu:5'), z = tensor([5.], device='npu:5'), z1 = tensor([50.], device='npu:5')
rank 2 after all_gather_coalesced sync with FLAGCX_GROUP1: x = tensor([ 0., 10., 20., 30., 40., 50., 60., 70.], device='npu:2'), y = tensor([0., 1., 2., 3., 4., 5., 6., 7.], device='npu:2'), z = tensor([2.], device='npu:2'), z1 = tensor([20.], device='npu:2')
rank 0 before all_gather_coalesced async with FLAGCX_GROUP1: x = tensor([0.1185, 0.8378, 0.2418, 0.5844, 0.2126, 0.0531, 0.3005, 0.9152],
       device='npu:0'), y = tensor([0.9486, 0.6118, 0.0723, 0.8382, 0.2503, 0.1928, 0.5029, 0.6389],
       device='npu:0'), z = tensor([0.], device='npu:0'), z1 = tensor([0.], device='npu:0')
all reduce is exe 1
rank 6 after all_gather_coalesced sync with FLAGCX_GROUP1: x = tensor([ 0., 10., 20., 30., 40., 50., 60., 70.], device='npu:6'), y = tensor([0., 1., 2., 3., 4., 5., 6., 7.], device='npu:6'), z = tensor([6.], device='npu:6'), z1 = tensor([60.], device='npu:6')
rank 4 after all_gather_coalesced sync with FLAGCX_GROUP1: x = tensor([ 0., 10., 20., 30., 40., 50., 60., 70.], device='npu:4'), y = tensor([0., 1., 2., 3., 4., 5., 6., 7.], device='npu:4'), z = tensor([4.], device='npu:4'), z1 = tensor([40.], device='npu:4')
rank 7 before all_gather_coalesced async with FLAGCX_GROUP1: x = tensor([0.5552, 0.1252, 0.4477, 0.0429, 0.6246, 0.6145, 0.4206, 0.6461],
       device='npu:7'), y = tensor([0.1765, 0.9214, 0.5632, 0.1858, 0.2201, 0.3729, 0.8617, 0.3804],
       device='npu:7'), z = tensor([7.], device='npu:7'), z1 = tensor([70.], device='npu:7')
all reduce is exe 1
rank 3 before all_gather_coalesced async with FLAGCX_GROUP1: x = tensor([7.6321e-01, 4.5860e-04, 7.6091e-01, 2.2004e-01, 8.5038e-01, 9.1835e-01,
        7.8764e-01, 6.6066e-02], device='npu:3'), y = tensor([0.0628, 0.9260, 0.8959, 0.1909, 0.7635, 0.0572, 0.8297, 0.3861],
       device='npu:3'), z = tensor([3.], device='npu:3'), z1 = tensor([30.], device='npu:3')
rank 1 before all_gather_coalesced async with FLAGCX_GROUP1: x = tensor([0.0916, 0.3114, 0.2047, 0.0968, 0.9223, 0.1547, 0.2714, 0.3114],
       device='npu:1'), y = tensor([0.3504, 0.8262, 0.9675, 0.0897, 0.0752, 0.4114, 0.6897, 0.1886],
       device='npu:1'), z = tensor([1.], device='npu:1'), z1 = tensor([10.], device='npu:1')
all reduce is exe 1
all reduce is exe 1
rank 5 before all_gather_coalesced async with FLAGCX_GROUP1: x = tensor([0.5890, 0.3994, 0.2491, 0.1497, 0.7990, 0.5344, 0.8794, 0.2945],
       device='npu:5'), y = tensor([0.1473, 0.5369, 0.6706, 0.8142, 0.1440, 0.2053, 0.1191, 0.0898],
       device='npu:5'), z = tensor([5.], device='npu:5'), z1 = tensor([50.], device='npu:5')
all reduce is exe 1
rank 2 before all_gather_coalesced async with FLAGCX_GROUP1: x = tensor([0.7083, 0.4880, 0.0615, 0.8096, 0.7321, 0.5481, 0.3979, 0.8787],
       device='npu:2'), y = tensor([0.3606, 0.4803, 0.4035, 0.5824, 0.8981, 0.9769, 0.9755, 0.1168],
       device='npu:2'), z = tensor([2.], device='npu:2'), z1 = tensor([20.], device='npu:2')
all reduce is exe 1
rank 6 before all_gather_coalesced async with FLAGCX_GROUP1: x = tensor([0.4375, 0.2228, 0.7946, 0.5578, 0.5409, 0.4392, 0.7687, 0.3876],
       device='npu:6'), y = tensor([0.5456, 0.9645, 0.5176, 0.1419, 0.4273, 0.4215, 0.9237, 0.7408],
       device='npu:6'), z = tensor([6.], device='npu:6'), z1 = tensor([60.], device='npu:6')
rank 4 before all_gather_coalesced async with FLAGCX_GROUP1: x = tensor([0.2107, 0.5404, 0.8289, 0.2207, 0.1155, 0.1620, 0.1492, 0.8367],
       device='npu:4'), y = tensor([0.7596, 0.3082, 0.4427, 0.8153, 0.9129, 0.1535, 0.9706, 0.7981],
       device='npu:4'), z = tensor([4.], device='npu:4'), z1 = tensor([40.], device='npu:4')
all reduce is exe 1
all reduce is exe 1
rank 0 after all_gather_coalesced async with FLAGCX_GROUP1: x = tensor([ 0., 10., 20., 30., 40., 50., 60., 70.], device='npu:0'), y = tensor([0., 1., 2., 3., 4., 5., 6., 7.], device='npu:0'), z = tensor([0.], device='npu:0'), z1 = tensor([0.], device='npu:0')
rank 7 after all_gather_coalesced async with FLAGCX_GROUP1: x = tensor([ 0., 10., 20., 30., 40., 50., 60., 70.], device='npu:7'), y = tensor([0., 1., 2., 3., 4., 5., 6., 7.], device='npu:7'), z = tensor([7.], device='npu:7'), z1 = tensor([70.], device='npu:7')
rank 1 after all_gather_coalesced async with FLAGCX_GROUP1: x = tensor([ 0., 10., 20., 30., 40., 50., 60., 70.], device='npu:1'), y = tensor([0., 1., 2., 3., 4., 5., 6., 7.], device='npu:1'), z = tensor([1.], device='npu:1'), z1 = tensor([10.], device='npu:1')
rank 3 after all_gather_coalesced async with FLAGCX_GROUP1: x = tensor([ 0., 10., 20., 30., 40., 50., 60., 70.], device='npu:3'), y = tensor([0., 1., 2., 3., 4., 5., 6., 7.], device='npu:3'), z = tensor([3.], device='npu:3'), z1 = tensor([30.], device='npu:3')
rank 5 after all_gather_coalesced async with FLAGCX_GROUP1: x = tensor([ 0., 10., 20., 30., 40., 50., 60., 70.], device='npu:5'), y = tensor([0., 1., 2., 3., 4., 5., 6., 7.], device='npu:5'), z = tensor([5.], device='npu:5'), z1 = tensor([50.], device='npu:5')
rank 4 after all_gather_coalesced async with FLAGCX_GROUP1: x = tensor([ 0., 10., 20., 30., 40., 50., 60., 70.], device='npu:4'), y = tensor([0., 1., 2., 3., 4., 5., 6., 7.], device='npu:4'), z = tensor([4.], device='npu:4'), z1 = tensor([40.], device='npu:4')
rank 2 after all_gather_coalesced async with FLAGCX_GROUP1: x = tensor([ 0., 10., 20., 30., 40., 50., 60., 70.], device='npu:2'), y = tensor([0., 1., 2., 3., 4., 5., 6., 7.], device='npu:2'), z = tensor([2.], device='npu:2'), z1 = tensor([20.], device='npu:2')
rank 6 after all_gather_coalesced async with FLAGCX_GROUP1: x = tensor([ 0., 10., 20., 30., 40., 50., 60., 70.], device='npu:6'), y = tensor([0., 1., 2., 3., 4., 5., 6., 7.], device='npu:6'), z = tensor([6.], device='npu:6'), z1 = tensor([60.], device='npu:6')
>>>>>>>>>> cannAdaptorStreamDestroy <<<<<<<<<<
>>>>>>>>>> cannAdaptorStreamDestroy <<<<<<<<<<
>>>>>>>>>> cannAdaptorStreamDestroy <<<<<<<<<<
>>>>>>>>>> cannAdaptorStreamDestroy <<<<<<<<<<
>>>>>>>>>> cannAdaptorStreamDestroy <<<<<<<<<<
>>>>>>>>>> cannAdaptorStreamDestroy <<<<<<<<<<
>>>>>>>>>> cannAdaptorStreamDestroy <<<<<<<<<<
>>>>>>>>>> cannAdaptorStreamDestroy <<<<<<<<<<
