ddp backend config is cpu:gloo,npu:flagcxddp backend config is cpu:gloo,npu:flagcx

ddp backend config is cpu:gloo,npu:flagcx
ddp backend config is cpu:gloo,npu:flagcx
ddp backend config is cpu:gloo,npu:flagcx
ddp backend config is cpu:gloo,npu:flagcx
ddp backend config is cpu:gloo,npu:flagcx
ddp backend config is cpu:gloo,npu:flagcx
ranks_flagcx: [0, 1, 2, 3, 4, 5, 6, 7]
rank: 0, world_size = 8, prev_rank: 7, next_rank: 1
ranks_flagcx: [0, 1, 2, 3, 4, 5, 6, 7]
rank: 2, world_size = 8, prev_rank: 1, next_rank: 3
ranks_flagcx: [0, 1, 2, 3, 4, 5, 6, 7]
rank: 1, world_size = 8, prev_rank: 0, next_rank: 2
ranks_flagcx: [0, 1, 2, 3, 4, 5, 6, 7]
rank: 6, world_size = 8, prev_rank: 5, next_rank: 7
ranks_flagcx: [0, 1, 2, 3, 4, 5, 6, 7]
rank: 7, world_size = 8, prev_rank: 6, next_rank: 0
ranks_flagcx: [0, 1, 2, 3, 4, 5, 6, 7]
rank: 3, world_size = 8, prev_rank: 2, next_rank: 4
ranks_flagcx: [0, 1, 2, 3, 4, 5, 6, 7]
rank: 4, world_size = 8, prev_rank: 3, next_rank: 5
ranks_flagcx: [0, 1, 2, 3, 4, 5, 6, 7]
rank: 5, world_size = 8, prev_rank: 4, next_rank: 6
rank 3 before reduce on src rank 0 with FLAGCX_GROUP1: x = tensor([0., 1., 2., 3., 4., 5., 6., 7.], device='npu:3')
p-perf-huawei-06:4141953:4141953 [0] FLAGCX INFO Bootstrap : Using enp196s0f0:10.1.15.130<0>
rank 4 before reduce on src rank 0 with FLAGCX_GROUP1: x = tensor([0., 1., 2., 3., 4., 5., 6., 7.], device='npu:4')
p-perf-huawei-06:4141954:4141954 [0] FLAGCX INFO Bootstrap : Using enp196s0f0:10.1.15.130<0>
rank 1 before reduce on src rank 0 with FLAGCX_GROUP1: x = tensor([0., 1., 2., 3., 4., 5., 6., 7.], device='npu:1')
p-perf-huawei-06:4141951:4141951 [0] FLAGCX INFO Bootstrap : Using enp196s0f0:10.1.15.130<0>
rank 0 before reduce on src rank 0 with FLAGCX_GROUP1: x = tensor([0., 1., 2., 3., 4., 5., 6., 7.], device='npu:0')
p-perf-huawei-06:4141950:4141950 [0] FLAGCX INFO Bootstrap : Using enp196s0f0:10.1.15.130<0>
p-perf-huawei-06:4141950:4143060 [0] FLAGCX INFO Bootstrap Root : rank 0 of 8 ranks checked in
p-perf-huawei-06:4141950:4143060 [0] FLAGCX INFO Bootstrap Root : rank 3 of 8 ranks checked in
p-perf-huawei-06:4141950:4143060 [0] FLAGCX INFO Bootstrap Root : rank 1 of 8 ranks checked in
p-perf-huawei-06:4141950:4143060 [0] FLAGCX INFO Bootstrap Root : rank 4 of 8 ranks checked in
rank 2 before reduce on src rank 0 with FLAGCX_GROUP1: x = tensor([0., 1., 2., 3., 4., 5., 6., 7.], device='npu:2')
p-perf-huawei-06:4141952:4141952 [0] FLAGCX INFO Bootstrap : Using enp196s0f0:10.1.15.130<0>
p-perf-huawei-06:4141950:4143060 [0] FLAGCX INFO Bootstrap Root : rank 2 of 8 ranks checked in
rank 5 before reduce on src rank 0 with FLAGCX_GROUP1: x = tensor([0., 1., 2., 3., 4., 5., 6., 7.], device='npu:5')
p-perf-huawei-06:4141955:4141955 [0] FLAGCX INFO Bootstrap : Using enp196s0f0:10.1.15.130<0>
p-perf-huawei-06:4141950:4143060 [0] FLAGCX INFO Bootstrap Root : rank 5 of 8 ranks checked in
rank 6 before reduce on src rank 0 with FLAGCX_GROUP1: x = tensor([0., 1., 2., 3., 4., 5., 6., 7.], device='npu:6')
p-perf-huawei-06:4141956:4141956 [0] FLAGCX INFO Bootstrap : Using enp196s0f0:10.1.15.130<0>
p-perf-huawei-06:4141950:4143060 [0] FLAGCX INFO Bootstrap Root : rank 6 of 8 ranks checked in
rank 7 before reduce on src rank 0 with FLAGCX_GROUP1: x = tensor([0., 1., 2., 3., 4., 5., 6., 7.], device='npu:7')
p-perf-huawei-06:4141957:4141957 [0] FLAGCX INFO Bootstrap : Using enp196s0f0:10.1.15.130<0>
p-perf-huawei-06:4141950:4143060 [0] FLAGCX INFO Bootstrap Root : rank 7 of 8 ranks checked in
p-perf-huawei-06:4141950:4143060 [0] FLAGCX INFO SENT OUT ALL 8 HANDLES
p-perf-huawei-06:4141952:4141952 [0] FLAGCX INFO rank 2 nranks 8 - DONE
p-perf-huawei-06:4141953:4141953 [0] FLAGCX INFO rank 3 nranks 8 - DONE
p-perf-huawei-06:4141951:4141951 [0] FLAGCX INFO rank 1 nranks 8 - DONE
p-perf-huawei-06:4141950:4141950 [0] FLAGCX INFO rank 0 nranks 8 - DONE
p-perf-huawei-06:4141954:4141954 [0] FLAGCX INFO rank 4 nranks 8 - DONE
p-perf-huawei-06:4141955:4141955 [0] FLAGCX INFO rank 5 nranks 8 - DONE
p-perf-huawei-06:4141957:4141957 [0] FLAGCX INFO rank 7 nranks 8 - DONE
p-perf-huawei-06:4141956:4141956 [0] FLAGCX INFO rank 6 nranks 8 - DONE
p-perf-huawei-06:4141950:4141950 [0] FLAGCX INFO rank = 0, nranks = 8, nclusters = 1, cluster_id = 0, cluster_size = 8, cluster_inter_rank = -1, homo_rank = 0, homo_root_rank = 0, homo_inter_rank = -1, homo_ranks = 8, has_single_rank_homo_comm = 0, 
p-perf-huawei-06:4141954:4141954 [0] FLAGCX INFO rank = 4, nranks = 8, nclusters = 1, cluster_id = 0, cluster_size = 8, cluster_inter_rank = -1, homo_rank = 4, homo_root_rank = 0, homo_inter_rank = -1, homo_ranks = 8, has_single_rank_homo_comm = 0, 
p-perf-huawei-06:4141951:4141951 [0] FLAGCX INFO rank = 1, nranks = 8, nclusters = 1, cluster_id = 0, cluster_size = 8, cluster_inter_rank = -1, homo_rank = 1, homo_root_rank = 0, homo_inter_rank = -1, homo_ranks = 8, has_single_rank_homo_comm = 0, 
p-perf-huawei-06:4141952:4141952 [0] FLAGCX INFO rank = 2, nranks = 8, nclusters = 1, cluster_id = 0, cluster_size = 8, cluster_inter_rank = -1, homo_rank = 2, homo_root_rank = 0, homo_inter_rank = -1, homo_ranks = 8, has_single_rank_homo_comm = 0, 
p-perf-huawei-06:4141955:4141955 [0] FLAGCX INFO rank = 5, nranks = 8, nclusters = 1, cluster_id = 0, cluster_size = 8, cluster_inter_rank = -1, homo_rank = 5, homo_root_rank = 0, homo_inter_rank = -1, homo_ranks = 8, has_single_rank_homo_comm = 0, 
p-perf-huawei-06:4141957:4141957 [0] FLAGCX INFO rank = 7, nranks = 8, nclusters = 1, cluster_id = 0, cluster_size = 8, cluster_inter_rank = -1, homo_rank = 7, homo_root_rank = 0, homo_inter_rank = -1, homo_ranks = 8, has_single_rank_homo_comm = 0, 
p-perf-huawei-06:4141953:4141953 [0] FLAGCX INFO rank = 3, nranks = 8, nclusters = 1, cluster_id = 0, cluster_size = 8, cluster_inter_rank = -1, homo_rank = 3, homo_root_rank = 0, homo_inter_rank = -1, homo_ranks = 8, has_single_rank_homo_comm = 0, 
p-perf-huawei-06:4141956:4141956 [0] FLAGCX INFO rank = 6, nranks = 8, nclusters = 1, cluster_id = 0, cluster_size = 8, cluster_inter_rank = -1, homo_rank = 6, homo_root_rank = 0, homo_inter_rank = -1, homo_ranks = 8, has_single_rank_homo_comm = 0, 
rank 5 after reduce on src rank 0 with FLAGCX_GROUP1: x = tensor([0., 1., 2., 3., 4., 5., 6., 7.], device='npu:5')
rank 7 after reduce on src rank 0 with FLAGCX_GROUP1: x = tensor([0., 1., 2., 3., 4., 5., 6., 7.], device='npu:7')
rank 2 after reduce on src rank 0 with FLAGCX_GROUP1: x = tensor([0., 1., 2., 3., 4., 5., 6., 7.], device='npu:2')
rank 4 after reduce on src rank 0 with FLAGCX_GROUP1: x = tensor([0., 1., 2., 3., 4., 5., 6., 7.], device='npu:4')
rank 6 after reduce on src rank 0 with FLAGCX_GROUP1: x = tensor([0., 1., 2., 3., 4., 5., 6., 7.], device='npu:6')
rank 0 after reduce on src rank 0 with FLAGCX_GROUP1: x = tensor([ 0.,  8., 16., 24., 32., 40., 48., 56.], device='npu:0')
rank 1 after reduce on src rank 0 with FLAGCX_GROUP1: x = tensor([0., 1., 2., 3., 4., 5., 6., 7.], device='npu:1')
rank 3 after reduce on src rank 0 with FLAGCX_GROUP1: x = tensor([0., 1., 2., 3., 4., 5., 6., 7.], device='npu:3')
>>>>>>>>>> cannAdaptorStreamDestroy <<<<<<<<<<
>>>>>>>>>> cannAdaptorStreamDestroy <<<<<<<<<<
>>>>>>>>>> cannAdaptorStreamDestroy <<<<<<<<<<
>>>>>>>>>> cannAdaptorStreamDestroy <<<<<<<<<<
>>>>>>>>>> cannAdaptorStreamDestroy <<<<<<<<<<
>>>>>>>>>> cannAdaptorStreamDestroy <<<<<<<<<<
>>>>>>>>>> cannAdaptorStreamDestroy <<<<<<<<<<
>>>>>>>>>> cannAdaptorStreamDestroy <<<<<<<<<<
