ddp backend config is cpu:gloo,npu:flagcx
ddp backend config is cpu:gloo,npu:flagcx
ddp backend config is cpu:gloo,npu:flagcx
ddp backend config is cpu:gloo,npu:flagcx
ddp backend config is cpu:gloo,npu:flagcx
ddp backend config is cpu:gloo,npu:flagcx
ddp backend config is cpu:gloo,npu:flagcx
ddp backend config is cpu:gloo,npu:flagcx
ranks_flagcx: [0, 1, 2, 3, 4, 5, 6, 7]
rank: 7, world_size = 8, prev_rank: 6, next_rank: 0
ranks_flagcx: [0, 1, 2, 3, 4, 5, 6, 7]
rank: 0, world_size = 8, prev_rank: 7, next_rank: 1
ranks_flagcx: [0, 1, 2, 3, 4, 5, 6, 7]
rank: 1, world_size = 8, prev_rank: 0, next_rank: 2
ranks_flagcx: [0, 1, 2, 3, 4, 5, 6, 7]
rank: 2, world_size = 8, prev_rank: 1, next_rank: 3
ranks_flagcx: [0, 1, 2, 3, 4, 5, 6, 7]
rank: 3, world_size = 8, prev_rank: 2, next_rank: 4
ranks_flagcx: [0, 1, 2, 3, 4, 5, 6, 7]
rank: 4, world_size = 8, prev_rank: 3, next_rank: 5
ranks_flagcx: [0, 1, 2, 3, 4, 5, 6, 7]
rank: 6, world_size = 8, prev_rank: 5, next_rank: 7
ranks_flagcx: [0, 1, 2, 3, 4, 5, 6, 7]
rank: 5, world_size = 8, prev_rank: 4, next_rank: 6
rank 4 before broadcast with FLAGCX_GROUP2: x = tensor([0.1608, 0.6273, 0.2712, 0.2157, 0.8410, 0.0014, 0.3652, 0.3117],
       device='npu:4')
p-perf-huawei-06:4162346:4162346 [0] FLAGCX INFO Bootstrap : Using enp196s0f0:10.1.15.130<0>
rank 6 before broadcast with FLAGCX_GROUP2: x = tensor([0.1112, 0.9261, 0.0718, 0.0242, 0.3287, 0.2915, 0.3437, 0.0124],
       device='npu:6')
p-perf-huawei-06:4162348:4162348 [0] FLAGCX INFO Bootstrap : Using enp196s0f0:10.1.15.130<0>
rank 1 before broadcast with FLAGCX_GROUP2: x = tensor([0.1416, 0.6532, 0.7740, 0.3022, 0.0641, 0.2153, 0.6675, 0.4073],
       device='npu:1')
rank 0 before broadcast with FLAGCX_GROUP2: x = tensor([0.9832, 0.6701, 0.9924, 0.3747, 0.5289, 0.5195, 0.7219, 0.0447],
       device='npu:0')
p-perf-huawei-06:4162343:4162343 [0] FLAGCX INFO Bootstrap : Using enp196s0f0:10.1.15.130<0>
p-perf-huawei-06:4162342:4162342 [0] FLAGCX INFO Bootstrap : Using enp196s0f0:10.1.15.130<0>
p-perf-huawei-06:4162342:4163331 [0] FLAGCX INFO Bootstrap Root : rank 0 of 8 ranks checked in
p-perf-huawei-06:4162342:4163331 [0] FLAGCX INFO Bootstrap Root : rank 1 of 8 ranks checked in
p-perf-huawei-06:4162342:4163331 [0] FLAGCX INFO Bootstrap Root : rank 4 of 8 ranks checked in
p-perf-huawei-06:4162342:4163331 [0] FLAGCX INFO Bootstrap Root : rank 6 of 8 ranks checked in
rank 3 before broadcast with FLAGCX_GROUP2: x = tensor([0.6150, 0.4623, 0.4331, 0.3702, 0.2287, 0.7988, 0.2746, 0.5699],
       device='npu:3')
p-perf-huawei-06:4162345:4162345 [0] FLAGCX INFO Bootstrap : Using enp196s0f0:10.1.15.130<0>
p-perf-huawei-06:4162342:4163331 [0] FLAGCX INFO Bootstrap Root : rank 3 of 8 ranks checked in
rank 7 before broadcast with FLAGCX_GROUP2: x = tensor([0.4980, 0.9904, 0.2412, 0.6850, 0.1972, 0.2971, 0.8482, 0.9508],
       device='npu:7')
p-perf-huawei-06:4162349:4162349 [0] FLAGCX INFO Bootstrap : Using enp196s0f0:10.1.15.130<0>
p-perf-huawei-06:4162342:4163331 [0] FLAGCX INFO Bootstrap Root : rank 7 of 8 ranks checked in
rank 5 before broadcast with FLAGCX_GROUP2: x = tensor([0.9064, 0.2423, 0.8108, 0.1663, 0.5052, 0.7068, 0.7358, 0.9005],
       device='npu:5')
p-perf-huawei-06:4162347:4162347 [0] FLAGCX INFO Bootstrap : Using enp196s0f0:10.1.15.130<0>
p-perf-huawei-06:4162342:4163331 [0] FLAGCX INFO Bootstrap Root : rank 5 of 8 ranks checked in
rank 2 before broadcast with FLAGCX_GROUP2: x = tensor([0.7601, 0.9369, 0.6206, 0.6940, 0.6238, 0.9815, 0.3657, 0.5934],
       device='npu:2')
p-perf-huawei-06:4162344:4162344 [0] FLAGCX INFO Bootstrap : Using enp196s0f0:10.1.15.130<0>
p-perf-huawei-06:4162342:4163331 [0] FLAGCX INFO Bootstrap Root : rank 2 of 8 ranks checked in
p-perf-huawei-06:4162342:4163331 [0] FLAGCX INFO SENT OUT ALL 8 HANDLES
p-perf-huawei-06:4162349:4162349 [0] FLAGCX INFO rank 7 nranks 8 - DONE
p-perf-huawei-06:4162343:4162343 [0] FLAGCX INFO rank 1 nranks 8 - DONE
p-perf-huawei-06:4162342:4162342 [0] FLAGCX INFO rank 0 nranks 8 - DONE
p-perf-huawei-06:4162348:4162348 [0] FLAGCX INFO rank 6 nranks 8 - DONE
p-perf-huawei-06:4162344:4162344 [0] FLAGCX INFO rank 2 nranks 8 - DONE
p-perf-huawei-06:4162347:4162347 [0] FLAGCX INFO rank 5 nranks 8 - DONE
p-perf-huawei-06:4162346:4162346 [0] FLAGCX INFO rank 4 nranks 8 - DONE
p-perf-huawei-06:4162345:4162345 [0] FLAGCX INFO rank 3 nranks 8 - DONE
p-perf-huawei-06:4162342:4162342 [0] FLAGCX INFO rank = 0, nranks = 8, nclusters = 1, cluster_id = 0, cluster_size = 8, cluster_inter_rank = -1, homo_rank = 0, homo_root_rank = 0, homo_inter_rank = -1, homo_ranks = 8, has_single_rank_homo_comm = 0, 
p-perf-huawei-06:4162346:4162346 [0] FLAGCX INFO rank = 4, nranks = 8, nclusters = 1, cluster_id = 0, cluster_size = 8, cluster_inter_rank = -1, homo_rank = 4, homo_root_rank = 0, homo_inter_rank = -1, homo_ranks = 8, has_single_rank_homo_comm = 0, 
p-perf-huawei-06:4162343:4162343 [0] FLAGCX INFO rank = 1, nranks = 8, nclusters = 1, cluster_id = 0, cluster_size = 8, cluster_inter_rank = -1, homo_rank = 1, homo_root_rank = 0, homo_inter_rank = -1, homo_ranks = 8, has_single_rank_homo_comm = 0, 
p-perf-huawei-06:4162345:4162345 [0] FLAGCX INFO rank = 3, nranks = 8, nclusters = 1, cluster_id = 0, cluster_size = 8, cluster_inter_rank = -1, homo_rank = 3, homo_root_rank = 0, homo_inter_rank = -1, homo_ranks = 8, has_single_rank_homo_comm = 0, 
p-perf-huawei-06:4162344:4162344 [0] FLAGCX INFO rank = 2, nranks = 8, nclusters = 1, cluster_id = 0, cluster_size = 8, cluster_inter_rank = -1, homo_rank = 2, homo_root_rank = 0, homo_inter_rank = -1, homo_ranks = 8, has_single_rank_homo_comm = 0, 
p-perf-huawei-06:4162347:4162347 [0] FLAGCX INFO rank = 5, nranks = 8, nclusters = 1, cluster_id = 0, cluster_size = 8, cluster_inter_rank = -1, homo_rank = 5, homo_root_rank = 0, homo_inter_rank = -1, homo_ranks = 8, has_single_rank_homo_comm = 0, 
p-perf-huawei-06:4162348:4162348 [0] FLAGCX INFO rank = 6, nranks = 8, nclusters = 1, cluster_id = 0, cluster_size = 8, cluster_inter_rank = -1, homo_rank = 6, homo_root_rank = 0, homo_inter_rank = -1, homo_ranks = 8, has_single_rank_homo_comm = 0, 
p-perf-huawei-06:4162349:4162349 [0] FLAGCX INFO rank = 7, nranks = 8, nclusters = 1, cluster_id = 0, cluster_size = 8, cluster_inter_rank = -1, homo_rank = 7, homo_root_rank = 0, homo_inter_rank = -1, homo_ranks = 8, has_single_rank_homo_comm = 0, 
rank 3 after broadcast with FLAGCX_GROUP2: x = tensor([0.9832, 0.6701, 0.9924, 0.3747, 0.5289, 0.5195, 0.7219, 0.0447],
       device='npu:3')
rank 6 after broadcast with FLAGCX_GROUP2: x = tensor([0.9832, 0.6701, 0.9924, 0.3747, 0.5289, 0.5195, 0.7219, 0.0447],
       device='npu:6')
rank 5 after broadcast with FLAGCX_GROUP2: x = tensor([0.9832, 0.6701, 0.9924, 0.3747, 0.5289, 0.5195, 0.7219, 0.0447],
       device='npu:5')
rank 1 after broadcast with FLAGCX_GROUP2: x = tensor([0.9832, 0.6701, 0.9924, 0.3747, 0.5289, 0.5195, 0.7219, 0.0447],
       device='npu:1')
rank 2 after broadcast with FLAGCX_GROUP2: x = tensor([0.9832, 0.6701, 0.9924, 0.3747, 0.5289, 0.5195, 0.7219, 0.0447],
       device='npu:2')
rank 0 after broadcast with FLAGCX_GROUP2: x = tensor([0.9832, 0.6701, 0.9924, 0.3747, 0.5289, 0.5195, 0.7219, 0.0447],
       device='npu:0')
rank 4 after broadcast with FLAGCX_GROUP2: x = tensor([0.9832, 0.6701, 0.9924, 0.3747, 0.5289, 0.5195, 0.7219, 0.0447],
       device='npu:4')
rank 7 after broadcast with FLAGCX_GROUP2: x = tensor([0.9832, 0.6701, 0.9924, 0.3747, 0.5289, 0.5195, 0.7219, 0.0447],
       device='npu:7')
rank 3 before reduce on src rank 0 with FLAGCX_GROUP1: x = tensor([0., 1., 2., 3., 4., 5., 6., 7.], device='npu:3')
rank 4 before reduce on src rank 0 with FLAGCX_GROUP1: x = tensor([0., 1., 2., 3., 4., 5., 6., 7.], device='npu:4')
rank 6 before reduce on src rank 0 with FLAGCX_GROUP1: x = tensor([0., 1., 2., 3., 4., 5., 6., 7.], device='npu:6')
rank 1 before reduce on src rank 0 with FLAGCX_GROUP1: x = tensor([0., 1., 2., 3., 4., 5., 6., 7.], device='npu:1')
rank 5 before reduce on src rank 0 with FLAGCX_GROUP1: x = tensor([0., 1., 2., 3., 4., 5., 6., 7.], device='npu:5')
rank 0 before reduce on src rank 0 with FLAGCX_GROUP1: x = tensor([0., 1., 2., 3., 4., 5., 6., 7.], device='npu:0')
p-perf-huawei-06:4162342:4164347 [0] FLAGCX INFO Bootstrap Root : rank 0 of 8 ranks checked in
p-perf-huawei-06:4162342:4164347 [0] FLAGCX INFO Bootstrap Root : rank 3 of 8 ranks checked in
p-perf-huawei-06:4162342:4164347 [0] FLAGCX INFO Bootstrap Root : rank 4 of 8 ranks checked in
p-perf-huawei-06:4162342:4164347 [0] FLAGCX INFO Bootstrap Root : rank 6 of 8 ranks checked in
p-perf-huawei-06:4162342:4164347 [0] FLAGCX INFO Bootstrap Root : rank 1 of 8 ranks checked in
p-perf-huawei-06:4162342:4164347 [0] FLAGCX INFO Bootstrap Root : rank 5 of 8 ranks checked in
rank 2 before reduce on src rank 0 with FLAGCX_GROUP1: x = tensor([0., 1., 2., 3., 4., 5., 6., 7.], device='npu:2')
p-perf-huawei-06:4162342:4164347 [0] FLAGCX INFO Bootstrap Root : rank 2 of 8 ranks checked in
rank 7 before reduce on src rank 0 with FLAGCX_GROUP1: x = tensor([0., 1., 2., 3., 4., 5., 6., 7.], device='npu:7')
p-perf-huawei-06:4162342:4164347 [0] FLAGCX INFO Bootstrap Root : rank 7 of 8 ranks checked in
p-perf-huawei-06:4162342:4164347 [0] FLAGCX INFO SENT OUT ALL 8 HANDLES
p-perf-huawei-06:4162345:4162345 [0] FLAGCX INFO rank 3 nranks 8 - DONE
p-perf-huawei-06:4162342:4162342 [0] FLAGCX INFO rank 0 nranks 8 - DONE
p-perf-huawei-06:4162349:4162349 [0] FLAGCX INFO rank 7 nranks 8 - DONE
p-perf-huawei-06:4162346:4162346 [0] FLAGCX INFO rank 4 nranks 8 - DONE
p-perf-huawei-06:4162347:4162347 [0] FLAGCX INFO rank 5 nranks 8 - DONE
p-perf-huawei-06:4162348:4162348 [0] FLAGCX INFO rank 6 nranks 8 - DONE
p-perf-huawei-06:4162344:4162344 [0] FLAGCX INFO rank 2 nranks 8 - DONE
p-perf-huawei-06:4162343:4162343 [0] FLAGCX INFO rank 1 nranks 8 - DONE
p-perf-huawei-06:4162342:4162342 [0] FLAGCX INFO rank = 0, nranks = 8, nclusters = 1, cluster_id = 0, cluster_size = 8, cluster_inter_rank = -1, homo_rank = 0, homo_root_rank = 0, homo_inter_rank = -1, homo_ranks = 8, has_single_rank_homo_comm = 0, 
p-perf-huawei-06:4162346:4162346 [0] FLAGCX INFO rank = 4, nranks = 8, nclusters = 1, cluster_id = 0, cluster_size = 8, cluster_inter_rank = -1, homo_rank = 4, homo_root_rank = 0, homo_inter_rank = -1, homo_ranks = 8, has_single_rank_homo_comm = 0, 
p-perf-huawei-06:4162343:4162343 [0] FLAGCX INFO rank = 1, nranks = 8, nclusters = 1, cluster_id = 0, cluster_size = 8, cluster_inter_rank = -1, homo_rank = 1, homo_root_rank = 0, homo_inter_rank = -1, homo_ranks = 8, has_single_rank_homo_comm = 0, 
p-perf-huawei-06:4162347:4162347 [0] FLAGCX INFO rank = 5, nranks = 8, nclusters = 1, cluster_id = 0, cluster_size = 8, cluster_inter_rank = -1, homo_rank = 5, homo_root_rank = 0, homo_inter_rank = -1, homo_ranks = 8, has_single_rank_homo_comm = 0, 
p-perf-huawei-06:4162349:4162349 [0] FLAGCX INFO rank = 7, nranks = 8, nclusters = 1, cluster_id = 0, cluster_size = 8, cluster_inter_rank = -1, homo_rank = 7, homo_root_rank = 0, homo_inter_rank = -1, homo_ranks = 8, has_single_rank_homo_comm = 0, 
p-perf-huawei-06:4162344:4162344 [0] FLAGCX INFO rank = 2, nranks = 8, nclusters = 1, cluster_id = 0, cluster_size = 8, cluster_inter_rank = -1, homo_rank = 2, homo_root_rank = 0, homo_inter_rank = -1, homo_ranks = 8, has_single_rank_homo_comm = 0, 
p-perf-huawei-06:4162345:4162345 [0] FLAGCX INFO rank = 3, nranks = 8, nclusters = 1, cluster_id = 0, cluster_size = 8, cluster_inter_rank = -1, homo_rank = 3, homo_root_rank = 0, homo_inter_rank = -1, homo_ranks = 8, has_single_rank_homo_comm = 0, 
p-perf-huawei-06:4162348:4162348 [0] FLAGCX INFO rank = 6, nranks = 8, nclusters = 1, cluster_id = 0, cluster_size = 8, cluster_inter_rank = -1, homo_rank = 6, homo_root_rank = 0, homo_inter_rank = -1, homo_ranks = 8, has_single_rank_homo_comm = 0, 
rank 1 after reduce on src rank 0 with FLAGCX_GROUP1: x = tensor([0., 1., 2., 3., 4., 5., 6., 7.], device='npu:1')
rank 0 after reduce on src rank 0 with FLAGCX_GROUP1: x = tensor([ 0.,  8., 16., 24., 32., 40., 48., 56.], device='npu:0')
rank 6 after reduce on src rank 0 with FLAGCX_GROUP1: x = tensor([0., 1., 2., 3., 4., 5., 6., 7.], device='npu:6')
rank 3 after reduce on src rank 0 with FLAGCX_GROUP1: x = tensor([0., 1., 2., 3., 4., 5., 6., 7.], device='npu:3')
rank 4 after reduce on src rank 0 with FLAGCX_GROUP1: x = tensor([0., 1., 2., 3., 4., 5., 6., 7.], device='npu:4')
rank 2 after reduce on src rank 0 with FLAGCX_GROUP1: x = tensor([0., 1., 2., 3., 4., 5., 6., 7.], device='npu:2')
rank 5 after reduce on src rank 0 with FLAGCX_GROUP1: x = tensor([0., 1., 2., 3., 4., 5., 6., 7.], device='npu:5')
rank 7 after reduce on src rank 0 with FLAGCX_GROUP1: x = tensor([0., 1., 2., 3., 4., 5., 6., 7.], device='npu:7')
rank 3 before allreduce: x = tensor([0.2711, 0.9632, 0.6234, 0.3088, 0.1540, 0.1458, 0.7180, 0.2666],
       device='npu:3'), y = tensor([0.6635, 0.5556, 0.9555, 0.6570, 0.4655, 0.6248, 0.9175, 0.5251],
       device='npu:3')
rank 4 before allreduce: x = tensor([0.0167, 0.0906, 0.9016, 0.8792, 0.6193, 0.5181, 0.4595, 0.6429],
       device='npu:4'), y = tensor([0.5293, 0.2918, 0.7729, 0.7552, 0.8652, 0.2402, 0.1642, 0.3093],
       device='npu:4')
rank 1 before allreduce: x = tensor([0.4811, 0.7665, 0.3249, 0.3850, 0.7043, 0.9042, 0.2675, 0.3289],
       device='npu:1'), y = tensor([0.3897, 0.1569, 0.6757, 0.3010, 0.5926, 0.4487, 0.2737, 0.5120],
       device='npu:1')
rank 0 before allreduce: x = tensor([0.3198, 0.3948, 0.4534, 0.7421, 0.0042, 0.1310, 0.3617, 0.3365],
       device='npu:0'), y = tensor([0.9976, 0.2192, 0.6412, 0.1262, 0.5570, 0.1364, 0.9997, 0.3194],
       device='npu:0')
rank 6 before allreduce: x = tensor([0.4762, 0.5301, 0.0208, 0.4076, 0.8453, 0.7727, 0.1235, 0.7668],
       device='npu:6'), y = tensor([0.7313, 0.2932, 0.6807, 0.2152, 0.9431, 0.6867, 0.4308, 0.9150],
       device='npu:6')
rank 2 before allreduce: x = tensor([0.5243, 0.7467, 0.2601, 0.0405, 0.1376, 0.7178, 0.9104, 0.2404],
       device='npu:2'), y = tensor([0.4308, 0.3625, 0.9255, 0.4806, 0.6043, 0.7647, 0.4661, 0.7468],
       device='npu:2')
rank 5 before allreduce: x = tensor([0.8581, 0.7888, 0.8751, 0.1624, 0.9870, 0.4287, 0.3918, 0.4884],
       device='npu:5'), y = tensor([0.4317, 0.1479, 0.7034, 0.5408, 0.5628, 0.3699, 0.8123, 0.3688],
       device='npu:5')
rank 7 before allreduce: x = tensor([0.0155, 0.6610, 0.6320, 0.6047, 0.9403, 0.7650, 0.5882, 0.7122],
       device='npu:7'), y = tensor([0.4765, 0.1264, 0.8665, 0.4203, 0.5595, 0.7220, 0.1367, 0.8297],
       device='npu:7')
rank 3 after allreduce min with FLAGCX_GROUP1: x = tensor([0.0155, 0.0906, 0.0208, 0.0405, 0.0042, 0.1310, 0.1235, 0.2404],
       device='npu:3')
rank 4 after allreduce min with FLAGCX_GROUP1: x = tensor([0.0155, 0.0906, 0.0208, 0.0405, 0.0042, 0.1310, 0.1235, 0.2404],
       device='npu:4')
rank 1 after allreduce min with FLAGCX_GROUP1: x = tensor([0.0155, 0.0906, 0.0208, 0.0405, 0.0042, 0.1310, 0.1235, 0.2404],
       device='npu:1')
rank 0 after allreduce min with FLAGCX_GROUP1: x = tensor([0.0155, 0.0906, 0.0208, 0.0405, 0.0042, 0.1310, 0.1235, 0.2404],
       device='npu:0')
rank 7 after allreduce min with FLAGCX_GROUP1: x = tensor([0.0155, 0.0906, 0.0208, 0.0405, 0.0042, 0.1310, 0.1235, 0.2404],
       device='npu:7')
rank 5 after allreduce min with FLAGCX_GROUP1: x = tensor([0.0155, 0.0906, 0.0208, 0.0405, 0.0042, 0.1310, 0.1235, 0.2404],
       device='npu:5')
rank 6 after allreduce min with FLAGCX_GROUP1: x = tensor([0.0155, 0.0906, 0.0208, 0.0405, 0.0042, 0.1310, 0.1235, 0.2404],
       device='npu:6')
rank 2 after allreduce min with FLAGCX_GROUP1: x = tensor([0.0155, 0.0906, 0.0208, 0.0405, 0.0042, 0.1310, 0.1235, 0.2404],
       device='npu:2')
rank 3 after allreduce max with FLAGCX_GROUP1: y = tensor([0.9976, 0.5556, 0.9555, 0.7552, 0.9431, 0.7647, 0.9997, 0.9150],
       device='npu:3')
rank 1 after allreduce max with FLAGCX_GROUP1: y = tensor([0.9976, 0.5556, 0.9555, 0.7552, 0.9431, 0.7647, 0.9997, 0.9150],
       device='npu:1')
rank 0 after allreduce max with FLAGCX_GROUP1: y = tensor([0.9976, 0.5556, 0.9555, 0.7552, 0.9431, 0.7647, 0.9997, 0.9150],
       device='npu:0')
rank 4 after allreduce max with FLAGCX_GROUP1: y = tensor([0.9976, 0.5556, 0.9555, 0.7552, 0.9431, 0.7647, 0.9997, 0.9150],
       device='npu:4')
rank 5 after allreduce max with FLAGCX_GROUP1: y = tensor([0.9976, 0.5556, 0.9555, 0.7552, 0.9431, 0.7647, 0.9997, 0.9150],
       device='npu:5')
rank 2 after allreduce max with FLAGCX_GROUP1: y = tensor([0.9976, 0.5556, 0.9555, 0.7552, 0.9431, 0.7647, 0.9997, 0.9150],
       device='npu:2')
rank 7 after allreduce max with FLAGCX_GROUP1: y = tensor([0.9976, 0.5556, 0.9555, 0.7552, 0.9431, 0.7647, 0.9997, 0.9150],
       device='npu:7')
rank 6 after allreduce max with FLAGCX_GROUP1: y = tensor([0.9976, 0.5556, 0.9555, 0.7552, 0.9431, 0.7647, 0.9997, 0.9150],
       device='npu:6')
rank 3 after allreduce sum with FLAGCX_GROUP1: x = tensor([0.1240, 0.7247, 0.1661, 0.3240, 0.0338, 1.0482, 0.9882, 1.9232],
       device='npu:3')
rank 0 after allreduce sum with FLAGCX_GROUP1: x = tensor([0.1240, 0.7247, 0.1661, 0.3240, 0.0338, 1.0482, 0.9882, 1.9232],
       device='npu:0')
rank 1 after allreduce sum with FLAGCX_GROUP1: x = tensor([0.1240, 0.7247, 0.1661, 0.3240, 0.0338, 1.0482, 0.9882, 1.9232],
       device='npu:1')
rank 4 after allreduce sum with FLAGCX_GROUP1: x = tensor([0.1240, 0.7247, 0.1661, 0.3240, 0.0338, 1.0482, 0.9882, 1.9232],
       device='npu:4')
rank 2 after allreduce sum with FLAGCX_GROUP1: x = tensor([0.1240, 0.7247, 0.1661, 0.3240, 0.0338, 1.0482, 0.9882, 1.9232],
       device='npu:2')
rank 5 after allreduce sum with FLAGCX_GROUP1: x = tensor([0.1240, 0.7247, 0.1661, 0.3240, 0.0338, 1.0482, 0.9882, 1.9232],
       device='npu:5')
rank 7 after allreduce sum with FLAGCX_GROUP1: x = tensor([0.1240, 0.7247, 0.1661, 0.3240, 0.0338, 1.0482, 0.9882, 1.9232],
       device='npu:7')
rank 6 after allreduce sum with FLAGCX_GROUP1: x = tensor([0.1240, 0.7247, 0.1661, 0.3240, 0.0338, 1.0482, 0.9882, 1.9232],
       device='npu:6')
rank 3 before all_reduce_coalesced sync sum with FLAGCX_GROUP1: x = tensor([0.1240, 0.7247, 0.1661, 0.3240, 0.0338, 1.0482, 0.9882, 1.9232],
       device='npu:3'), y = tensor([0.9976, 0.5556, 0.9555, 0.7552, 0.9431, 0.7647, 0.9997, 0.9150],
       device='npu:3')
rank 1 before all_reduce_coalesced sync sum with FLAGCX_GROUP1: x = tensor([0.1240, 0.7247, 0.1661, 0.3240, 0.0338, 1.0482, 0.9882, 1.9232],
       device='npu:1'), y = tensor([0.9976, 0.5556, 0.9555, 0.7552, 0.9431, 0.7647, 0.9997, 0.9150],
       device='npu:1')
rank 2 before all_reduce_coalesced sync sum with FLAGCX_GROUP1: x = tensor([0.1240, 0.7247, 0.1661, 0.3240, 0.0338, 1.0482, 0.9882, 1.9232],
       device='npu:2'), y = tensor([0.9976, 0.5556, 0.9555, 0.7552, 0.9431, 0.7647, 0.9997, 0.9150],
       device='npu:2')rank 0 before all_reduce_coalesced sync sum with FLAGCX_GROUP1: x = tensor([0.1240, 0.7247, 0.1661, 0.3240, 0.0338, 1.0482, 0.9882, 1.9232],
       device='npu:0'), y = tensor([0.9976, 0.5556, 0.9555, 0.7552, 0.9431, 0.7647, 0.9997, 0.9150],
       device='npu:0')

rank 4 before all_reduce_coalesced sync sum with FLAGCX_GROUP1: x = tensor([0.1240, 0.7247, 0.1661, 0.3240, 0.0338, 1.0482, 0.9882, 1.9232],
       device='npu:4'), y = tensor([0.9976, 0.5556, 0.9555, 0.7552, 0.9431, 0.7647, 0.9997, 0.9150],
       device='npu:4')
rank 5 before all_reduce_coalesced sync sum with FLAGCX_GROUP1: x = tensor([0.1240, 0.7247, 0.1661, 0.3240, 0.0338, 1.0482, 0.9882, 1.9232],
       device='npu:5'), y = tensor([0.9976, 0.5556, 0.9555, 0.7552, 0.9431, 0.7647, 0.9997, 0.9150],
       device='npu:5')
rank 6 before all_reduce_coalesced sync sum with FLAGCX_GROUP1: x = tensor([0.1240, 0.7247, 0.1661, 0.3240, 0.0338, 1.0482, 0.9882, 1.9232],
       device='npu:6'), y = tensor([0.9976, 0.5556, 0.9555, 0.7552, 0.9431, 0.7647, 0.9997, 0.9150],
       device='npu:6')
rank 7 before all_reduce_coalesced sync sum with FLAGCX_GROUP1: x = tensor([0.1240, 0.7247, 0.1661, 0.3240, 0.0338, 1.0482, 0.9882, 1.9232],
       device='npu:7'), y = tensor([0.9976, 0.5556, 0.9555, 0.7552, 0.9431, 0.7647, 0.9997, 0.9150],
       device='npu:7')
